196 352
-478 166
-474 252
136 -45
-15 21
64 133
-176 97
113 312
-73 307
-127 193
-17 139
202 -441
-239 137
-8 -155
-339 498
363 -183
-423 -122
-166 64
-283 -214
-280 -64
-354 -223
5 198
-86 -336
-492 -118
263 104
323 -344
68 496
385 148
-61 -285
129 227
-458 119
220 -226
229 -213
382 57
-62 293
54 -310
-101 -238
-419 438
168 -450
-112 -425
-289 -172
-15 278
22 18
-458 -105
-250 22
432 205
-27 -470
-452 -225
93 248
-60 -161
-103 -263
-461 421
-181 -452
-275 143
354 -193
-489 -154
-379 148
-362 -41
176 229
109 135
-438 -275
-23 -70
54 -197
317 397
177 -418
-171 202
-396 -102
-467 239
267 87
-253 -217
310 496
371 -488
-493 -102
-289 -496
-398 -340
151 -369
140 -265
-311 61
-225 44
70 -443
-335 46
271 45
-443 -83
322 212
20 -484
-238 -121
-309 21
136 427
403 -193
2 159
194 478
434 107
341 470
83 -311
-235 200
208 -472
166 -153
210 -449
-306 73
76 293
-199 36
426 -327
297 74
6 -55
340 35
-155 -495
-395 -145
35 -78
34 492
133 334
-52 -113
373 -17
-412 200
-356 -129
14 -53
-189 265
445 -122
151 412
-484 20
45 -230
-310 159
-276 -249
-225 -462
141 -414
-86 472
-344 128
-88 -284
-419 226
-17 -312
-485 -469
203 -153
152 332
407 414
493 352
362 206
415 176
-495 -161
43 315
-299 310
-372 -372
367 119
-91 378
-333 474
-251 490
-257 119
323 410
70 -98
478 -354
-175 -268
294 -158
-456 -357
103 107
-474 -10
-273 397
384 -342
-490 -146
161 382
-253 3
253 -106
-231 109
-110 392
88 44
-11 -488
198 -129
-176 363
339 -260
-243 -173
-382 339
446 -442
-496 184
-270 22
-437 28
-187 221
481 -404
200 369
344 108
184 81
-442 -76
-444 -6
-298 296
-395 88
-326 448
-92 469
-347 -54
298 -346
-342 171
99 -287
-98 251
468 -114
145 190
387 -79
367 -452
-275 342
-304 -296
296 130
-312 292
-213 272
-192 268
266 -150
307 112
-368 448
440 -412
478 -212
23 -302
-411 387
-489 -195
-332 -38
-389 63
-25 215
335 325
304 -94
305 -459
-166 -90
-80 -52
-288 -172
378 138
65 412
116 26
-384 -390
420 120
269 -325
475 485
-492 334
345 422
-265 -265
-51 375
-301 -384
-331 248
-181 -122
-387 278
-29 -210
285 322
-33 486
134 -13
37 352
209 -304
-274 -256
388 165
-453 207
485 77
315 348
73 355
-229 -372
132 93
-123 -25
-14 357
416 -283
-36 -389
-137 126
154 365
134 189
335 -262
327 -110
-296 440
-365 234
-98 -405
-29 43
-336 -200
410 -282
224 33
1 -289
-43 461
381 -428
-38 24
280 277
-495 363
225 442
230 -478
198 -288
-123 -162
493 209
436 -260
-473 290
285 -165
-308 -56
426 -225
153 -101
-490 -140
-84 -339
29 375
-341 306
49 343
339 -223
364 491
122 317
398 390
442 360
349 149
-419 423
-253 -325
371 -304
303 65
-151 356
195 -348
110 147
-180 330
-256 158
-151 280
-74 -466
422 214
347 -226
-194 466
465 -331
343 184
267 386
436 13
28 426
326 -85
-71 323
394 439
-150 -296
110 379
30 -205
-283 361
-2 -369
-351 22
46 157
61 -323
31 384
180 -64
299 165
407 -259
-213 -374
-110 -137
-452 -264
-6 427
-221 -77
-187 120
-93 469
17 436
-335 -97
311 -222
0 -304
181 211
92 -228
-454 -227
121 327
-319 98
219 453
-364 236
-400 -220
-1 -408
-237 -191
43 156
266 -345
186 -169
173 262
-456 185
-437 -485
-443 -400
-315 -2
360 -270
406 268
-198 -155
311 7
137 309
438 153
-326 191
-217 308
443 -212
15 -23
466 254
33 -90
237 129
-401 387
476 393
98 327
415 384
-34 -448
-355 -376
290 54
-139 466
-298 -57
-356 -431
489 316
330 -165
369 -131
235 -174
340 -349
232 41
-54 398
297 103
332 272
-73 -61
-456 201
-197 357
407 34
-84 394
12 417
-244 -146
411 -258
482 184
-172 2
-337 -333
-203 -22
402 -325
-462 -214
141 138
-329 -48
-446 494
349 295
2 -94
-499 11
-184 -235
-107 362
203 411
382 -52
-472 -232
-156 -170
406 306
314 258
278 274
-486 -481
491 -60
146 -178
-424 -481
-89 -462
-142 -237
-156 90
419 469
190 -203
11 14
-469 -440
-37 125
100 -179
77 169
-137 278
329 -211
455 -253
125 474
121 311
-16 63
-11 361
-42 -142
130 231
-494 -193
-39 -380
-494 -282
-291 349
154 -371
470 -111
415 -317
45 -379
-379 -211
290 -86
433 -232
-68 318
-413 -385
-334 119
-237 -306
69 383
-228 -304
-392 -69
64 302
422 258
60 498
-464 427
257 -251
227 -84
454 176
-358 147
222 141
92 130
191 89
86 99
-175 303
-183 -229
281 -408
-118 454
-353 -4
-345 175
153 -188
-458 242
388 -480
-68 -162
-478 217
-229 275
-334 -78
-432 124
318 -376
-232 448
216 -94
-75 -414
266 -169
-29 239
-475 -350
368 -49
305 -4
203 -150
49 -202
-357 -145
-332 253
29 298
-12 -232
-319 281
-379 263
352 272
-43 324
-107 -15
-283 -483
-82 459
-242 -193
83 387
173 -239
-425 149
-17 -132
89 80
-370 -19
-403 336
421 266
-214 28
294 -84
58 159
-338 467
179 -430
-257 -477
-186 -255
304 35
-363 282
-145 373
-438 -479
-66 195
-436 500
-175 -89
292 -229
79 -331
-424 -40
424 -487
-50 239
416 -37
-123 -370
454 -343
-272 -185
-301 276
169 274
47 -99
315 -161
296 -441
-430 462
-75 -294
-64 62
243 446
457 37
-145 130
483 -500
318 344
87 -48
-423 251
458 -37
410 -273
179 -447
-59 268
416 303
-17 -260
272 378
437 440
-20 101
-446 416
251 -318
398 -401
-481 56
-180 -432
336 -383
-458 -397
-209 -389
-80 157
464 -406
-158 359
-104 261
-244 331
-204 240
-443 450
58 491
37 -276
-332 263
469 -190
-278 -363
240 362
-234 -399
73 154
-459 107
-270 192
-427 96
-401 -319
-281 308
-95 -281
-411 103
-357 -427
246 452
67 166
255 472
439 25
-358 -323
476 -120
-460 -30
-90 284
-18 191
-238 114
-319 -96
90 -425
96 -94
120 -417
237 -1
181 -116
-263 462
-284 173
24 -439
-158 19
-55 297
119 -121
-468 36
-471 -247
142 341
-382 422
436 183
-276 -280
-492 -79
156 174
-141 144
-239 53
-331 408
79 395
-47 -225
171 27
269 348
72 -470
96 -347
-468 -353
-23 157
164 -131
460 -230
83 -342
-291 -117
-98 414
-312 -299
475 -250
-14 -319
-227 188
-361 -425
11 -108
209 -16
346 -272
192 157
320 -383
454 392
-498 -319
217 -453
-498 84
40 -364
279 -70
194 -139
471 -411
-97 -207
447 68
37 498
-148 24
23 -115
-346 -257
210 -243
217 331
302 -195
-272 -456
143 -363
28 -91
121 415
286 459
491 -144
246 195
128 -152
226 144
-29 214
293 -447
-248 -287
-261 -22
-160 33
33 311
-177 -123
319 380
208 214
-305 -276
-370 368
32 -211
-325 -496
72 -350
-347 -308
479 213
347 450
399 449
241 -4
99 -158
402 -201
239 -269
125 -102
-407 132
-311 -179
255 402
-324 70
13 -152
-114 -39
38 -309
237 -58
207 -313
140 -216
370 -395
-142 -312
-472 339
312 245
24 -159
-173 -92
-24 39
-262 -137
-84 179
-359 374
-48 -294
-73 100
-101 -108
-451 420
132 -127
-151 -223
-481 -29
-25 329
-6 -62
-385 -260
-264 353
154 400
-207 295
-146 -404
73 282
404 -36
-309 -492
156 -168
460 -398
-325 192
-488 -80
198 -162
-132 342
376 -55
73 148
-181 444
-151 446
222 186
321 177
-290 -326
-318 316
-212 411
18 -5
-382 -21
249 21
450 78
390 283
444 -57
279 -442
-431 -60
278 213
160 -481
-263 -418
-208 21
447 -94
323 -38
208 -185
-221 -94
-13 -107
439 -185
14 -129
141 145
277 -456
-301 242
359 13
355 -116
-218 312
-127 -154
450 265
-203 386
368 -427
269 -322
310 345
-343 198
366 190
-55 438
-20 -163
293 -391
-175 -169
-42 457
67 160
-419 -110
200 -4
211 -222
-154 194
-327 418
351 -217
112 271
499 -400
57 444
-303 204
28 485
448 125
-335 167
366 -493
272 14
-148 -352
101 -6
136 381
145 26
-430 143
-145 -143
49 309
248 374
279 -500
-214 -349
-268 -293
-308 45
-192 256
-54 204
65 230
-132 -205
-438 -7
-255 -446
-128 -268
359 -317
-325 108
280 -34
464 454
102 -404
495 78
495 477
482 -112
101 -442
254 -172
127 354
-36 64
334 168
124 402
-339 -394
63 -363
156 -202
105 -400
-87 88
-262 -265
-388 -78
-126 352
103 333
-297 -136
474 -404
442 -264
-4 -357
-329 248
446 119
-380 315
437 -325
11 -172
-114 428
-322 -472
-160 422
437 -265
-332 308
-314 -477
153 144
-292 92
-277 298
102 -391
-209 -118
441 191
446 -367
199 458
-41 -220
433 400
-243 -5
213 -139
-39 260
-159 190
376 -385
-497 330
467 15
-312 319
255 -426
-187 -398
341 -350
432 344
-124 42
-234 -375
-143 -476
-291 395
467 -482
-435 -379
353 -459
-220 421
-258 -272
182 160
-275 -335
-277 -307
-195 -135
-188 265
280 -307
-366 360
-55 -152
442 -254
-114 208
-274 339
-486 -250
414 140
74 -456
339 361
-48 -468
-60 -496
-117 -271
333 -74
-91 -190
353 318
381 -395
-445 -372
463 47
-211 -176
205 -195
25 250
364 -114
89 252
-443 -412
-143 -368
143 -368
484 -385
352 313
234 385
-366 115
316 94
-352 66
395 387
-246 -453
-489 -447
214 255
-458 483
339 117
-352 -410
64 -108
-20 226
-460 158
-212 -425
268 -203
259 -208
495 238
-153 129
-238 -335
-255 267
-244 -446
-468 340
151 268
-163 265
211 -123
443 373
-437 34
-248 -488
-366 -466
-313 121
50 28
-278 75
302 -38
476 -418
202 -231
-353 -477
-205 348
-317 -304
-474 -288
-195 377
-371 -497
-477 -486
81 -275
-399 191
14 271
-419 -127
-108 104
396 -96
-484 331
-136 331
-204 -124
-314 -399
-465 -198
262 -184
171 153
-339 -167
-328 -39
-116 -87
-324 55
15 332
-280 478
421 261
382 445
235 -253
390 -145
-107 -488
348 483
86 163
405 68
-51 -259
-327 440
181 390
394 213
-254 5
-412 255
-384 188
312 -286
18 -184
-154 217 ==
425 -50 ==
282 393 ==
-10 437 ==
-481 -31 ==
-108 229 ==
230 -314 ==
-12 -365 ==
31 -343 ==
277 -8 ==
216 -497 ==
-462 -297 ==
-204 -373 ==
-223 267 ==
396 -131 ==
-109 260 ==
-36 143 ==
-294 12 ==
-65 -13 ==
500 106 ==
-52 -215 ==
-297 -164 ==
-480 -291 ==
-124 -350 ==
-217 -246 ==
377 -117 ==
58 -418 ==
69 1 ==
-118 91 ==
-276 107 ==
12 441 ==
-409 445 ==
403 120 ==
-212 491 ==
149 455 ==
497 81 ==
249 483 ==
41 372 ==
-251 177 ==
231 144 ==
488 -166 ==
149 428 ==
163 323 ==
-378 -340 ==
83 485 ==
-202 206 ==
-62 340 ==
-480 -495 ==
359 212 ==
353 -185 ==
265 472 ==
284 367 ==
-299 -264 ==
-291 244 ==
-128 -312 ==
33 75 ==
-61 -322 ==
90 -256 ==
-487 122 ==
-434 234 ==
-336 -42 ==
491 -95 ==
256 55 ==
-252 37 ==
254 -299 ==
217 -371 ==
43 -274 ==
-127 254 ==
-420 -449 ==
-338 258 ==
-82 -229 ==
-357 87 ==
168 214 ==
147 -253 ==
-454 -320 ==
329 342 ==
-482 -487 ==
424 -105 ==
431 -256 ==
-328 -110 ==
-256 413 ==
325 454 ==
428 -219 ==
-416 -77 ==
-37 -356 ==
214 -379 ==
-156 -23 ==
-404 300 ==
44 242 ==
-232 163 ==
247 -497 ==
51 287 ==
201 458 ==
420 -422 ==
-428 -227 ==
-473 34 ==
479 -190 ==
-488 -293 ==
402 406 ==
39 -417 ==
481 349 ==
-366 334 ==
-398 225 ==
-77 -459 ==
421 -65 ==
423 403 ==
221 -148 ==
212 -328 ==
-206 413 ==
26 -242 ==
395 243 ==
-250 -410 ==
337 -175 ==
323 -495 ==
-429 146 ==
112 -261 ==
-93 -379 ==
-76 -73 ==
300 -273 ==
483 6 ==
266 367 ==
481 173 ==
298 -282 ==
-428 154 ==
-498 386 ==
-74 -432 ==
172 -183 ==
326 -286 ==
-131 210 ==
-317 139 ==
303 215 ==
266 357 ==
-108 477 ==
260 419 ==
-325 231 ==
-169 262 ==
120 -172 ==
-194 356 ==
347 -199 ==
-325 102 ==
25 387 ==
257 271 ==
-217 454 ==
-294 12 ==
457 -448 ==
93 -374 ==
208 80 ==
-219 42 ==
255 -243 ==
-188 147 ==
-262 394 ==
411 -394 ==
130 154 ==
67 -99 ==
242 -269 ==
-16 385 ==
325 348 ==
188 359 ==
-78 453 ==
312 132 ==
-331 309 ==
-264 186 ==
252 366 ==
-12 404 ==
-166 -45 ==
-177 -165 ==
-217 73 ==
-285 -227 ==
-409 -303 ==
14 159 ==
424 -171 ==
-181 484 ==
346 -187 ==
-424 312 ==
146 314 ==
-405 106 ==
-135 -172 ==
-417 -299 ==
-246 -377 ==
-328 423 ==
282 -247 ==
442 231 ==
-106 -167 ==
-355 -389 ==
120 -387 ==
237 159 ==
-11 -268 ==
298 -450 ==
-186 15 ==
-281 494 ==
-273 -83 ==
415 -437 ==
266 199 ==
185 327 ==
-296 9 ==
-180 -350 ==
-68 -387 ==
367 263 ==
366 -309 ==
296 -130 ==
-42 255 ==
-500 225 ==
308 -289 ==
16 -60 ==
-11 170 ==
39 314 ==
468 -475 ==
311 88 ==
-322 -366 ==
211 106 ==
-121 473 ==
-78 -318 ==
18 -229 ==
247 174 ==
-255 429 ==
460 196 ==
-79 36 ==
-436 19 ==
162 323 ==
325 170 ==
425 175 ==
1 92 ==
113 -381 ==
-106 -256 ==
-436 96 ==
232 -358 ==
-469 -334 ==
208 333 ==
44 142 ==
-354 171 ==
122 -363 ==
40 242 ==
222 -64 ==
351 301 ==
254 270 ==
-325 -345 ==
-413 375 ==
284 -231 ==
-201 -188 ==
441 287 ==
235 -411 ==
-448 -295 ==
-282 240 ==
460 471 ==
21 157 ==
392 271 ==
-361 -58 ==
94 -497 ==
182 256 ==
358 -127 ==
-123 -463 ==
-361 331 ==
-113 6 ==
275 186 ==
-382 -331 ==
109 162 ==
-95 -263 ==
-258 195 ==
481 -236 ==
287 461 ==
-48 121 ==
-348 443 ==
-428 -227 ==
481 60 ==
447 225 ==
-408 36 ==
307 280 ==
-414 -342 ==
-289 -110 ==
171 -12 ==
-372 135 ==
-443 -47 ==
-357 337 ==
460 195 ==
-71 116 ==
-403 -333 ==
189 -251 ==
444 -359 ==
78 -344 ==
-243 273 ==
-91 -203 ==
266 59 ==
214 193 ==
66 219 ==
-201 -340 ==
263 461 ==
361 91 ==
-386 306 ==
-341 -403 ==
-347 21 ==
-367 435 ==
-234 20 ==
3 291 ==
199 -35 ==
-253 206 ==
55 137 ==
-309 -230 ==
484 -154 ==
424 -115 ==
-396 -377 ==
235 442 ==
305 304 ==
290 322 ==
450 92 ==
-285 346 ==
139 92 ==
58 357 ==
-169 26 ==
-6 -168 ==
-161 185 ==
-237 376 ==
-19 -394 ==
143 60 ==
158 -136 ==
457 -109 ==
-34 64 ==
-315 75 ==
114 -110 ==
-409 -111 ==
468 -366 ==
239 65 ==
99 -338 ==
90 297 ==
-442 381 ==
-151 499 ==
-330 475 ==
-239 -474 ==
-421 120 ==
-32 483 ==
-330 -49 ==
-360 -335 ==
78 -114 ==
-258 -353 ==
-485 -323 ==
-442 -397 ==
180 -338 ==
-32 -468 ==
259 -152 ==
-179 482 ==
-250 482 ==
382 -96 ==
19 190 ==
83 103 ==
-464 226 ==
-249 -317 ==
406 -306 ==
-215 384 ==
95 347 ==
-263 -362 ==
-199 182 ==
-111 -135 ==
-206 -471 ==
-400 -190 ==
-406 -132 ==
-325 246 ==
128 410 ==
489 53 ==
144 -454 ==
-200 -237 ==
1 354 ==
-222 497 ==
387 151 ==
-270 -37 ==
68 467 ==
-432 -248 ==
468 278 ==
213 89 ==
-217 -120 ==
192 380 ==
-198 -388 ==
-372 150 ==
60 325 ==
301 171 ==
364 -414 ==
451 -419 ==
327 376 ==
327 365 ==
90 -15 ==
374 417 ==
-35 134 ==
479 -395 ==
11 493 ==
462 -227 ==
-64 109 ==
31 -435 ==
155 179 ==
-314 -229 ==
33 111 ==
472 -173 ==
-394 44 ==
-463 -472 ==
-110 -465 ==
-225 42 ==
-227 -289 ==
-408 -345 ==
2 -145 ==
366 -135 ==
292 -52 ==
-212 -21 ==
-67 20 ==
-417 -456 ==
-437 -117 ==
-295 -480 ==
344 282 ==
63 -224 ==
171 327 ==
-430 124 ==
-1 -293 ==
-483 216 ==
-113 217 ==
-465 326 ==
173 137 ==
-167 163 ==
-477 -377 ==
118 -94 ==
480 -140 ==
118 273 ==
485 334 ==
374 70 ==
366 130 ==
164 151 ==
-86 260 ==
210 -182 ==
176 -430 ==
217 -371 ==
-463 291 ==
71 399 ==
217 201 ==
224 158 ==
187 -226 ==
-400 -19 ==
-353 113 ==
-54 -246 ==
65 428 ==
-298 422 ==
-384 -80 ==
-36 -240 ==
124 -132 ==
-451 235 ==
-241 26 ==
-372 -267 ==
498 -88 ==
285 -277 ==
370 -40 ==
-227 -244 ==
193 370 ==
-349 -140 ==
-56 12 ==
-479 15 ==
251 249 ==
-165 349 ==
-485 306 ==
-201 -250 ==
-209 145 ==
-124 -304 ==
-276 -313 ==
-146 152 ==
430 225 ==
354 -450 ==
286 4 ==
-465 -360 ==
133 -218 ==
107 131 ==
-433 46 ==
361 -435 ==
-318 -158 ==
-500 101 ==
-209 189 ==
-445 -103 ==
430 326 ==
-474 -258 ==
139 -143 ==
-65 -74 ==
174 426 ==
408 -132 ==
289 -451 ==
473 -68 ==
165 -57 ==
-342 -109 ==
344 156 ==
271 320 ==
-354 479 ==
350 -217 ==
-240 337 ==
-484 110 ==
-228 -399 ==
26 180 ==
-466 309 ==
14 390 ==
-257 438 ==
156 -425 ==
32 10 ==
-491 -184 ==
192 207 ==
325 -256 ==
-184 340 ==
-17 -200 ==
408 -129 ==
-246 -373 ==
149 -19 ==
37 425 ==
57 346 ==
-268 121 ==
347 442 ==
-316 -173 ==
-182 1 ==
485 -182 ==
-57 -88 ==
-200 196 ==
89 -462 ==
-167 -89 ==
-45 464 ==
-247 -64 ==
-88 -407 ==
355 -475 ==
-425 484 ==
-432 -357 ==
215 -372 ==
380 385 ==
381 460 ==
-144 481 ==
24 497 ==
-101 500 ==
318 129 ==
192 -383 ==
-402 412 ==
-277 253 ==
-191 338 ==
48 77 ==
343 123 ==
-5 102 ==
412 -485 ==
451 39 ==
-208 -298 ==
341 -83 ==
493 -400 ==
-369 82 ==
-333 -124 ==
-201 -217 ==
-432 -72 ==
387 396 ==
421 -221 ==
-123 306 ==
425 79 ==
-377 361 ==
-117 103 ==
-307 -426 ==
300 392 ==
-39 441 ==
-222 -230 ==
-424 89 ==
496 -441 ==
-74 -181 ==
270 -382 ==
-334 397 ==
209 -63 ==
-418 -400 ==
-173 9 ==
184 209 ==
-178 -342 ==
269 -150 ==
-290 373 ==
405 -475 ==
-468 60 ==
224 -220 ==
324 -199 ==
446 -219 ==
99 -429 ==
-499 -243 ==
475 500 ==
455 297 ==
-165 -226 ==
207 -339 ==
-459 267 ==
16 12 ==
374 -123 ==
-194 395 ==
-328 366 ==
-491 325 ==
292 -436 ==
-248 -263 ==
-32 33 ==
-179 202 ==
-114 461 ==
418 298 ==
243 7 ==
222 -235 ==
-75 -393 ==
51 28 ==
74 241 ==
-27 -174 ==
405 466 ==
374 341 ==
-350 -17 ==
-71 -78 ==
-3 -155 ==
68 -437 ==
-4 428 ==
-314 -195 ==
176 35 ==
-312 -437 ==
41 247 ==
-116 -209 ==
-297 441 ==
-273 -371 ==
151 488 ==
371 -362 ==
348 -303 ==
248 -489 ==
298 -17 ==
-182 -173 ==
-178 -131 ==
224 -253 ==
-225 184 ==
-201 -66 ==
-296 -467 ==
-287 -493 ==
-408 -46 ==
202 -215 ==
-393 257 ==
376 -469 ==
320 325 ==
-385 -240 ==
-207 320 ==
286 107 ==
72 -19 ==
275 -13 ==
-232 -370 ==
-181 -95 ==
-493 243 ==
71 401 ==
-126 102 ==
318 -44 ==
245 94 ==
120 303 ==
-205 -412 ==
-146 -382 ==
-384 -477 ==
-365 313 ==
-414 -433 ==
-93 186 ==
279 -307 ==
-378 -364 ==
78 -291 ==
-359 -403 ==
-248 -491 ==
-217 38 ==
355 -134 ==
-121 442 ==
105 -292 ==
-339 -79 ==
-338 -446 ==
-75 -200 ==
203 -390 ==
338 257 ==
-280 -188 ==
121 131 ==
155 -153 ==
-56 122 ==
-113 -294 ==
488 -80 ==
197 232 ==
-248 -279 ==
107 420 ==
270 209 ==
171 -200 ==
394 -174 ==
474 86 ==
-211 -5 ==
-177 39 ==
361 29 ==
-256 22 ==
-100 -437 ==
44 14 ==
96 461 ==
445 306 ==
207 -232 ==
48 -281 ==
-291 -176 ==
230 -261 ==
139 -223 ==
434 109 ==
209 25 ==
65 318 ==
-147 -51 ==
-79 458 ==
-218 84 ==
120 -499 ==
-100 -384 ==
256 293 ==
3 -213 ==
-268 -3 ==
-432 -106 ==
441 46 ==
322 144 ==
-27 -463 ==
231 -404 ==
158 47 ==
317 -138 ==
295 328 ==
439 135 ==
57 290 ==
-355 -110 ==
-51 -238 ==
-114 181 ==
-251 -182 ==
-290 170 ==
118 477 ==
492 486 ==
86 -349 ==
436 -367 ==
-256 194 ==
362 191 ==
-116 -146 ==
-389 330 ==
-141 423 ==
-417 -260 ==
-356 172 ==
-82 147 ==
-284 -58 ==
-151 -465 ==
48 -175 ==
-113 74 ==
161 -339 ==
243 -253 ==
-448 296 ==
189 90 ==
-328 -364 ==
105 0 ==
159 -82 ==
329 305 ==
248 -7 ==
-363 320 ==
-292 -120 ==
407 -395 ==
-455 -463 ==
-425 478 ==
-159 133 ==
21 431 ==
-148 140 ==
165 -60 ==
380 159 ==
-269 -452 ==
-230 -481 ==
-237 102 ==
-9 -334 ==
467 -217 ==
-7 -379 ==
-62 -442 ==
-353 106 ==
-24 -425 ==
-119 -87 ==
54 207 ==
-40 -487 ==
24 39 ==
380 -167 ==
-394 -481 ==
332 430 ==
-354 110 ==
258 -188 ==
-322 322 ==
-374 -185 ==
267 458 ==
430 217 ==
121 231 ==
-454 243 ==
-153 107 ==
447 342 ==
-485 127 ==
-351 101 ==
-426 32 ==
32 113 ==
56 -471 ==
362 353 ==
316 -456 ==
-492 -332 ==
328 -241 ==
73 169 ==
61 -116 ==
-96 468 ==
-313 -45 ==
37 -182 ==
-170 251 ==
379 -392 ==
-22 64 ==
-81 -432 ==
-73 226 ==
162 211 ==
-431 -10 ==
-263 -441 ==
-351 96 ==
463 32 ==
493 170 ==
25 14 ==
427 78 ==
130 -121 ==
-268 317 ==
22 -311 ==
-123 -14 ==
-42 283 ==
131 -438 ==
177 81 ==
-84 448 ==
-38 -163 ==
327 -324 ==
-194 192 ==
237 -472 ==
399 -34 ==
-118 217 ==
-30 -250 ==
402 -142 ==
277 121 ==
-313 -79 ==
-127 193 ==
394 -88 ==
64 -364 ==
492 462 ==
-121 87 ==
-406 -402 ==
-435 -361 ==
8 177 ==
283 -266 ==
-447 -94 ==
370 -187 ==
-482 120 ==
262 -190 ==
213 301 ==
282 481 ==
-375 438 ==
-295 -481 ==
-263 -287 ==
-19 -141 ==
-29 217 ==
-157 -301 ==
-418 -317 ==
90 20 ==
233 -155 ==
-257 329 ==
279 93 ==
283 302 ==
-16 -49 ==
-178 -327 ==
-146 35 ==
-465 -338 ==
347 -418 ==
57 201 ==
227 357 ==
-450 52 ==
-49 -167 ==
25 412 ==
-74 -16 ==
-76 24 ==
196 320 ==
-378 -74 ==
361 495 ==
-438 -288 ==
94 -374 ==
280 -3 ==
-197 391 ==
388 -342 ==
483 390 ==
-260 -245 ==
-38 307 ==
-252 -396 ==
-470 -483 ==
-255 -218 ==
-356 -447 ==
214 211 ==
143 70 ==
-349 -211 ==
116 88 ==
87 66 ==
458 -78 ==
268 471 ==
334 -276 ==
475 441 ==
-80 -438 ==
147 486 ==
-221 322 ==
-392 279 ==
-168 -342 ==
-473 -107 ==
-128 21 ==
-132 -30 ==
347 160 ==
-274 -98 ==
157 -389 ==
-223 -460 ==
368 364 ==
397 87 ==
199 -31 ==
202 -336 ==
-370 152 ==
435 -290 ==
150 180 ==
422 210 ==
170 -333 ==
314 264 ==
-384 -108 ==
-286 284 ==
-164 -50 ==
-15 41 ==
420 -297 ==
-235 427 ==
437 347 ==
-237 -242 ==
-149 -181 ==
-114 -462 ==
55 281 ==
241 -30 ==
459 79 ==
55 -470 ==
-274 224 ==
-336 -10 ==
-64 129 ==
392 91 ==
39 313 ==
-382 57 ==
351 94 ==
-166 317 ==
-369 60 ==
373 185 ==
420 147 ==
428 281 ==
419 120 ==
-197 -262 ==
-228 -202 ==
-326 158 ==
21 163 ==
-346 -351 ==
391 459 ==
304 99 ==
221 29 ==
-176 -486 ==
315 24 ==
-178 245 ==
56 433 ==
-137 235 ==
339 -101 ==
266 -348 ==
78 87 ==
253 284 ==
-38 230 ==
-306 270 ==
58 361 ==
-487 426 ==
-292 68 ==
30 -272 ==
-304 -155 ==
13 -7 ==
191 103 ==
-249 330 ==
-319 -391 ==
-100 269 ==
472 -12 ==
-449 69 ==
-133 -496 ==
-478 171 ==
415 -246 ==
-490 94 ==
-388 -331 ==
56 5 ==
-318 381 ==
241 -98 ==
6 -435 ==
-437 147 ==
-52 29 ==
-445 -7 ==
-279 481 ==
-167 -274 ==
-436 -16 ==
151 29 ==
241 30 ==
-120 -160 ==
-290 218 ==
288 166 ==
-458 62 ==
67 378 ==
53 308 ==
154 -438 ==
381 495 ==
-25 266 ==
471 -125 ==
-102 -68 ==
372 439 ==
-177 148 ==
-135 174 ==
82 -111 ==
-490 240 ==
178 -164 ==
423 123 ==
-302 -172 ==
-243 71 ==
-137 -348 ==
435 -338 ==
94 137 ==
-194 369 ==
403 -336 ==
478 -291 ==
-103 274 ==
-358 -302
329 -496
495 418
-120 187
-146 285
107 487
499 -482
411 -367
135 362
147 -76
346 114
232 175
-262 -436
88 -194
343 -123
-349 383
305 399
-70 139
-430 -143
225 0
-490 401
-7 468
-5 7
290 -137
30 -193
451 -311
-209 -287
112 5
-407 421
-189 429
421 -260
-112 -40
498 433
164 -65
-229 82
-125 -305
446 246
83 -338
472 -383
-112 93
-361 113
220 13
-188 384
42 49
-198 -173
-182 447
414 22
-443 -447
59 44
-199 242
-4 249
279 -271
-278 262
-249 63
52 -123
38 -286
45 465
318 391
-271 -374
280 360
99 319
-303 189
485 141
-187 424
-421 307
-102 32
435 270
388 366
364 -444
-44 -29
-242 -198
113 -100
-191 -283
164 64
445 -41
392 -16
-308 -119
-161 256
101 -473
286 -76
-350 -320
209 -263
415 242
462 -413
278 323
-147 -241
32 -112
7 431
466 25
-157 331
117 -371
90 -60
-349 -21
-500 314
71 27
-5 -413
-84 -468
76 487
322 -21
-68 257
-293 -185
354 419
319 -394
-288 -242
-117 -260
-5 466
-28 309
179 -301
428 -176
69 146
184 498
328 -241
160 38
-499 142
404 -84
86 -3
184 452
151 419
297 -311
140 -244
-486 163
221 326
-499 205
126 -26
120 -456
-98 462
23 113
-220 311
192 41
350 73
-265 -125
-258 -368
462 472
62 213
18 67
18 -50
376 177
-281 -353
314 -73
-419 -362
-293 -157
394 -252
84 176
-41 183
-61 -388
84 262
-55 -377
-322 106
-252 442
-152 345
221 202
-214 427
444 -356
370 -54
86 -378
304 -56
-21 -66
-480 39
-100 -65
-64 283
170 256
-200 -92
-249 189
187 -183
-338 282
-342 224
-447 -295
195 69
465 -154
286 114
462 -147
-44 496
407 -32
477 -444
186 -317
-139 -275
-200 119
33 376
-496 272
-70 368
-113 -304
186 336
306 36
-340 486
-180 -383
407 -5
-99 -20
-8 346
333 44
398 266
-185 -354
483 188
314 305
216 -377
-124 -481
-308 5
-82 51
-339 -198
239 247
252 -452
-298 -262
280 -22
94 -9
-436 410
199 336
85 259
203 500
-4 -213
-481 -330
-271 374
-338 252
282 267
-86 -205
112 -444
-199 -266
-19 -196
219 -361
-293 177
399 -108
472 -81
135 316
-465 171
-307 -365
102 132
433 96
-290 161
298 -172
-452 -363
178 337
-305 463
291 -482
-369 -451
-450 464
-415 151
230 -212
-62 -283
-6 -109
-11 -30
176 -35
-453 277
-442 393
-375 -143
182 -291
-285 224
-138 -453
434 -252
-95 269
-180 485
-261 336
-460 178
394 297
455 391
130 89
92 185
-121 -219
269 340
-156 -80
463 486
-231 -237
444 307
37 -365
412 -77
-297 254
448 -431
-62 309
-247 -208
-316 -439
-169 64
-70 -51
-490 248
-81 -1
-211 -325
348 -242
-343 125
-41 105
190 -316
429 -48
161 318
58 -414
465 -396
-293 132
276 -266
500 -5
391 33
229 -466
-29 -85
-439 -315
430 -258
-209 -322
44 82
-461 195
493 -263
277 477
-425 -356
310 -240
-151 -58
500 77
363 -349
-45 -456
-19 -144
-38 -268
-423 14
180 62
177 212
-460 -271
-385 -271
13 -292
-34 114
-339 404
297 21
-458 -122
0 -152
491 -247
-60 485
-459 66
209 249
-161 -45
-277 -31
452 -303
365 -246
66 168
-239 270
481 -371
-218 460
-161 -310
-172 254
-126 -212
-206 -163
-255 199
312 -154
-243 299
-31 -86
-438 22
-262 118
-146 335
230 13
-313 -369
92 -139
-103 461
-116 -452
-463 -430
-217 -106
-451 204
-323 261
-336 -121
440 331
214 106
89 115
-456 -370
-18 496
201 298
449 469
39 248
206 -68
-371 33
-440 -500
9 185
-212 312
314 137
-435 -327
-173 -99
-360 -432
-243 -154
141 -235
-86 309
439 99
64 -87
-389 -262
-208 -305
176 -411
-469 408
398 -259
-190 -386
-172 89
-239 69
486 -205
289 -38
405 142
26 490
-261 56
-105 345
-485 236
-142 -260
-456 209
435 42
310 -469
-454 332
-165 -198
372 -87
182 -108
21 -251
320 -31
-206 230
-405 15
401 379
-63 215
452 133
-185 211
290 -482
472 343
-172 -232
-378 388
-154 237
-236 -365
-124 -252
-445 274
127 -189
222 -16
-3 -63
263 -185
-21 -94
253 398
-141 -374
201 150
-256 58
-123 -435
-246 332
423 300
243 -61
197 308
386 116
263 -425
-219 -74
-404 145
-411 -245
442 -198
-336 228
341 268
-161 234
-185 107
-233 -293
68 -208
-2 154
-460 -293
384 -200
302 -339
469 -470
-376 72
-23 409
-327 192
278 441
408 -103
114 -366
-12 -211
465 498
232 -235
66 -306
175 180
278 219
-100 -374
147 387
263 -160
-118 -414
-64 425
-297 -190
-128 -399
-238 -81
155 190
-274 -408
55 383
345 -101
213 -437
157 -436
500 -260
477 -282
-428 -203
-283 184
363 295
-458 207
-339 168
336 -426
-161 129
-63 290
-364 -205
-276 301
-490 -158
162 -55
-131 199
397 46
293 480
-287 299
417 263
427 486
107 350
-451 64
-432 196
-17 71
-323 129
-373 103
-83 -420
-56 120
-274 -455
359 337
-182 83
-448 74
-140 333
-417 -495
-267 -191
351 -237
427 -40
-119 -322
-355 348
500 474
-494 21
395 -382
-216 251
-320 386
15 252
-67 61
317 -348
-310 108
125 71
-412 236
-127 -72
-198 414
476 324
448 -483
263 236
-152 302
-145 304
-492 136
271 -101
371 471
-342 -87
238 -364
336 459
227 -178
-416 106
-385 213
203 398
-89 -19
161 -17
204 92
-48 386
-185 45
-230 279
364 -178
-445 -298
-208 -8
-206 429
-266 356
114 -264
-401 -66
-444 -65
-488 92
309 -398
167 -441
373 261
-215 -477
356 331
-309 -73
-24 440
-257 303
-378 386
-426 366
-47 195
-339 461
490 229
487 43
301 -432
481 431
245 -334
-490 320
-500 -283
482 182
276 -454
243 -268
70 57
307 227
385 -91
-325 26
366 463
217 -251
-147 -398
407 120
121 -329
29 -13
115 55
-215 318
366 476
-476 11
-445 -42
91 -381
444 -32
-298 287
-225 -317
485 -2
158 -85
-59 305
-33 322
-351 482
404 321
-247 39
-465 -457
-215 -13
104 34
28 11
-393 -164
-234 175
490 156
276 -192
180 170
-116 55
242 74
322 488
247 -373
-263 -197
-348 -155
-422 30
-186 -30
384 -301
-470 -206
-310 110
-125 -150
34 -262
223 -291
-365 -423
-492 -217
261 -454
165 -451
-16 268
-234 46
-406 -242
63 107
-150 -12
239 336
489 -403
280 -467
-481 -53
220 -309
-121 -118
-55 183
-414 93
-178 92
76 -431
-411 261
-300 218
-447 -59
409 -454
104 -237
-276 -241
330 -54
199 186
-158 -480
-183 -263
-136 -223
-456 351
-367 485
-388 113
262 407
229 -191
248 -124
2 -456
229 272
-339 -399
-363 397
475 80
486 -127
368 -292
-30 -47
-378 -162
-195 284
-97 -406
163 468
430 -285
-36 348
-466 -104
320 401
-314 -81
-204 266
-463 -450
422 -84
-114 -84
-386 472
47 -23
-171 -27
420 292
-449 334
-252 451
-152 -392
-170 -183
-121 348
216 -126
42 427
312 -34
-80 -117
-263 -14
-156 110
400 -262
-10 225
390 95
-162 -236
-385 318
-295 366
-132 427
-500 451
91 332
-391 -91
114 -283
50 223
-280 413
36 362
369 393
-172 276
-349 37
-451 310
388 378
-57 -87
280 -224
-272 121
-414 59
-472 206
-122 -195
-484 393
-297 -93
265 277
272 410
-115 497
-388 -244
-366 461
-312 -196
372 -244
63 311
-284 -118
-345 203
-445 350
-318 -63
147 441
-47 242
312 -349
127 277
346 274
-141 -309
-189 -429
472 392
233 351
40 -232
-57 153
168 -42
-316 -67
313 -428
-20 -174
416 51
484 -308
170 142
153 119
253 -403
86 -175
-142 114
309 69
228 -243
-34 -31
318 223
-148 165
359 -55
231 42
-307 -359
-463 305
-151 -59
-135 159
-306 -312
357 -261
-82 -255
-166 50
499 -489
-428 244
-343 188
-91 -499
48 -390
-492 477
-55 341
433 107
-469 486
368 111
-433 412
77 171
228 350
348 46
-426 -142
-381 117
138 241
-388 392
-194 228
79 463
-441 -314
429 -89
-498 -426
-223 -106
273 -401
344 197
-130 -335
-417 38
-235 259
-193 -233
365 -489
-83 -217
136 -55
-488 -319
-155 -112
-421 214
64 -306
24 -106
56 -346
109 460
378 -401
-181 221
410 -167
180 -308
196 -443
-327 210
110 123
-404 -156
311 419
-39 -390
394 18
109 315
-244 397
-137 334
123 -439
-456 -250
-155 -75
-69 -442
-268 98
-330 462
-333 412
218 -80
291 460
-275 -134
-233 -488
294 406
-6 249
107 261
-197 67
224 -76
-424 331
162 -152
316 -456
-485 -204
137 -107
-23 -54
-202 475
478 227
-443 127
-373 451
90 389
-485 -196
-235 -35
280 -160
-4 -371
-439 -144
500 -463
-279 383
481 -256
438 292
157 -153
377 432
-348 -285
318 340
-328 421
129 254
-194 -424
-28 -363
-495 216
121 -178
337 -382
-32 267
412 481
0 -413
-87 204
372 -438
-16 41
-239 221
252 -239
234 -47
-386 -264
341 -407
148 -154
400 -197
122 -490
293 72
217 347
404 -291
-57 -93
424 307
-42 473
-223 -365
482 171
-48 -483
-148 -85
90 438
-270 -89
-56 132
256 179
-368 -278
454 -361
308 -197
247 214
437 -419
-275 -88
281 407
215 -249
473 296
-212 -307
-344 -222
66 -75
221 323
-266 271
-439 -149
-353 -285
495 473
462 -392
-402 -7
-278 147
-456 -92
-491 385
-385 47
13 -182
470 -48
-347 292
-137 -20
-252 262
-395 -273
-476 360
2 -383
-461 -268
394 144
312 46
-331 419
-91 396
140 -324
488 212
113 377
138 276
-426 431
434 67
-194 133
111 -299
-423 66
11 484
221 -34
-258 359
319 -318
498 -197
-221 474
-416 176
325 445
151 -173
-123 -364
-422 88
15 259
440 135
-488 334
219 -280
125 -12
-102 -477
55 344
383 -302
209 -41
400 433
-122 353
87 -192
-493 -173
56 -321
432 -43
-405 209
72 106
184 44
-300 -419
335 100
-171 -443
412 40
386 -298
296 318
-478 -40
-429 -316
-408 115
315 -219
-83 178
37 -149
-70 357
193 -487
-435 241
-500 255
166 -379
-217 -84
222 -66
-396 416
77 -135
-445 -12
164 184
156 266
160 -430
298 -391
435 357
30 250
113 447
291 491
-35 314
44 -454
382 232
-89 475 160 311
-418 121 -65 -61
-255 467 -381 404
177 272 -186 426
31 276 179 394
-210 486 -196 389
93 155 -158 146
-269 100 -107 62
114 181 -395 417
22 498 322 400
-447 -329 283 314
45 361 -48 253
-274 -264 -440 97
-172 151 -491 -119
-400 -393 53 478
249 483 66 400
-50 428 -207 53
-499 378 -406 -336
-27 259 -135 83
-366 -360 -486 115
-476 275 20 284
-269 34 -225 275
144 251 -478 -139
26 202 171 413
-375 -295 -297 436
-335 -177 85 212
11 254 -248 -215
-328 483 -372 -236
305 417 -248 340
196 450 -212 264
113 327 -258 -8
-367 105 -60 192
-348 326 -482 35
162 290 285 326
-430 205 92 167
-117 262 278 291
-422 -13 -278 422
-396 399 115 162
-394 283 -227 -183
-284 111 -264 391
-361 387 26 485
221 387 -316 64
-58 137 -130 -122
-304 -77 -499 171
-257 128 197 270
-78 426 -10 166
-488 -332 -360 104
-263 186 -443 129
-14 174 -194 219
-246 131 -106 18
-309 -106 -385 -326
-451 10 -160 150
-484 312 -419 -344
-394 140 -312 291
444 497 -370 -94
-361 493 -455 -150
-459 168 333 420
-97 412 -389 379
384 429 -301 462
-261 87 -428 -54
171 207 -488 202
-477 -122 -76 169
-217 418 -469 -34
-477 499 74 457
-117 321 -393 -56
-379 -256 -197 107
-306 331 -72 359
-128 63 -341 -24
-272 4 -491 -459
400 445 -125 279
-49 100 -190 -40
-396 441 69 217
-480 106 -472 288
-16 359 -261 120
-491 458 -408 -13
284 291 -101 359
137 465 -353 -256
-311 -19 -16 20
-289 411 -391 192
-243 21 265 287
-36 187 -487 -333
-168 195 -339 272
-305 476 216 476
-294 497 387 465
61 298 -298 206
-131 234 -47 303
-438 -323 111 173
-132 235 -156 373
-342 -159 -459 25
-300 -172 -233 68
-128 -17 -302 406
165 400 -327 234
-355 187 -127 227
-204 -71 -256 370
25 489 357 384
-115 172 -476 218
118 138 -259 -91
56 237 168 464
-131 83 -78 170
-20 445 -338 432
192 395 213 265
-178 -26 458 495
67 478 -413 -306
-405 423 -412 -268
-355 -161 -200 83
40 65 211 235
-470 -161 395 398
-406 420 -421 114
-382 -45 -108 353
-409 239 -320 402
120 497 -445 460
-336 -143 -229 68
-69 59 -285 126
-285 -229 -446 -110
-467 338 -347 239
-198 345 239 456
87 234 80 396
-490 -287 24 324
36 449 13 300
-434 -30 -336 -1
-339 158 307 390
-308 446 92 485
-465 0 348 490
-204 374 -40 408
-370 345 127 417
51 362 -108 -77
20 105 -136 249
390 423 -199 210
-85 107 -34 30
58 118 -367 229
-99 381 -469 353
-177 196 -473 -376
-472 306 -383 125
376 455 -102 252
-10 269 -490 -262
-468 -11 -212 24
-269 198 -408 278
-254 -166 -33 6
-364 -286 -160 498
-497 423 5 94
-269 155 -479 -374
-464 -26 -458 -438
-52 409 -112 133
39 261 -26 281
-333 154 -95 120
-203 461 -478 199
-163 -115 -340 250
162 302 -193 23
-125 -120 185 480
24 229 -419 4
-271 313 -345 2
98 168 -273 166
-476 -381 316 375
-51 304 -429 -329
148 400 19 283
-98 116 -203 -94
-431 97 -127 -8
-340 -118 -487 401
394 430 -237 257
-331 -164 -445 -296
269 319 -376 -275
-483 -244 374 437
-242 -173 -467 219
-408 -309 417 426
-17 111 224 410
309 484 -189 -35
85 123 -89 422
-66 90 -217 231
-385 353 -451 -343
-245 138 187 308
-309 -159 58 424
-338 300 -263 128
-150 6 -76 120
-22 182 -92 108
-232 475 -138 85
168 438 -474 412
-150 236 -270 -73
19 270 16 355
-397 -57 -499 291
-8 35 197 268
-252 36 -407 468
-108 349 -305 365
-261 473 -123 474
156 198 303 403
-158 343 -298 105
-153 445 223 361
-87 238 -77 -53
115 129 -389 209
-424 -343 140 485
-227 -14 -170 -99
-489 -102 -338 86
-186 287 -55 347
91 454 91 201
278 307 42 281
-292 488 -366 331
-298 277 55 173
-76 -65 -390 -135
278 320 -274 27
-302 122 186 325
-340 -102 -255 145
-229 110 -415 -263
-446 -57 -108 94
-242 313 -264 479
-97 278 -493 142
-318 -62 -171 -163
-434 244 285 449
-327 390 -119 385
-424 53 -199 313
-481 -161 -423 -258
281 322 -5 323
-318 -274 -466 -104
172 451 235 347
-359 -45 -415 -133
-468 -41 -250 237
-346 56 -154 18
-120 443 -296 140
-309 102 -94 88
-242 345 -488 373
412 454 42 302
-430 314 234 411
276 350 -194 -116
119 415 152 159
240 431 -34 467
-404 -65 -41 413
-422 191 -285 108
-410 -12 -396 -360
154 227 -498 -434
-201 489 -447 43
-304 314 -72 396
-34 474 120 144
231 441 -114 127
-314 23 -397 189
269 376 104 148
-61 52 170 173
-339 40 -144 2
423 452 12 461
-331 -115 50 464
-417 -69 -228 261
136 323 -183 77
-412 -276 -108 261
-155 5 -438 -426
-316 415 -323 -294
-103 455 -98 319
-280 -244 -426 196
-142 454 -500 -468
-199 23 -426 478
272 481 -157 467
-316 263 -316 34
233 393 -310 238
-147 155 -110 360
-9 121 100 185
337 496 -423 -47
-388 -100 -344 101
-258 -197 67 325
-132 13 109 239
-235 -30 -32 388
-154 270 -7 312
-277 386 -272 -200
-7 194 -242 121
-24 87 126 469
-30 426 -323 -130
-469 379 -39 66
-332 -208 -90 330
-466 46 166 255
-66 355 345 390
-480 -432 -301 325
99 447 -115 287
187 337 334 378
-489 124 -479 372
126 191 -416 183
123 228 -191 135
150 337 -72 156
99 347 -467 380
-273 -101 -288 20
-425 9 -359 -215
-357 -202 -204 317
-482 237 -294 -245
-27 295 -64 -20
-330 -64 137 499
-162 -50 -42 123
278 364 -436 -418
-454 234 316 405
-404 64 -472 -377
-269 103 91 305
114 232 -478 22
109 142 -255 408
-169 -128 112 214
-39 197 -462 -266
-70 59 -353 207
-319 -157 -225 -175
214 340 -441 -115
-361 27 -487 -398
-32 232 -370 334
-89 368 -110 223
-437 -130 161 487
-439 -102 143 267
36 147 -1 207
-414 319 105 392
-429 -7 -399 -261
124 432 -306 54
265 459 -403 70
-374 124 -409 -234
-123 357 -264 117
-500 -302 -316 -59
-208 -176 -384 474
-49 -12 -458 43
-446 -312 -350 183
-179 79 135 252
-446 462 38 93
115 198 -285 -124
-323 222 -42 259
-203 266 -183 -139
287 338 -119 288
-436 -256 -226 18
-272 476 -97 287
-73 345 -335 423
-129 220 -326 252
45 432 -385 490
130 417 -226 111
434 460 359 406
-163 91 -21 -12
-87 353 -411 -409
-209 255 -492 43
2 11 -28 227
-437 341 36 306
-406 332 36 421
-36 90 -432 -231
-157 95 -15 324
-382 225 -380 -164
129 327 -418 -3
-260 388 -414 276
-427 340 139 276
-157 143 -172 384
121 170 280 344
-162 64 -341 445
-371 235 -349 139
-99 248 -374 -130
-491 152 55 93
-371 23 -136 -58
-304 187 -428 308
145 218 -354 412
-305 199 200 270
-213 -149 -198 414
-348 -332 -397 -218
-145 449 23 443
-324 -39 -181 486
-195 380 255 304
-357 139 -318 -196
-376 -262 -145 -105
-47 202 48 243
-494 486 238 361
58 437 -131 486
-428 329 62 305
156 203 -263 203
-103 485 -475 -355
-165 -148 -359 122
-1 491 -32 21
-228 162 -481 -463
-64 -32 -415 357
-487 442 -100 104
-320 -225 -326 75
-104 -28 -499 -146
-267 -129 -277 483
-83 46 -445 14
-85 -39 -176 -34
-397 -300 155 210
155 275 61 158
94 279 -439 49
-499 77 -418 349
-450 -110 311 393
-451 -394 -487 121
-39 9 -396 -4
-116 82 451 498
-423 -289 -331 94
-487 -306 -383 311
-45 307 -294 7
-481 497 37 169
-443 466 -362 3
-412 22 -168 396
-423 11 -9 124
-82 469 113 144
216 394 -3 180
-174 249 -175 65
-493 -492 -227 -187
-457 329 -179 143
-362 307 -123 56
-303 303 -365 469
-170 21 -443 340
-216 -146 -399 -344
-429 252 127 436
-428 58 -495 -442
33 221 -420 428
-357 -273 161 486
-389 -111 -364 333
-457 -202 431 434
420 425 -268 185
-168 419 -194 88
-364 486 10 166
-254 159 -277 -81
-141 213 -457 -31
-129 -95 331 342
-108 374 -470 -231
-239 473 -126 334
-9 111 -454 -147
-95 -19 130 404
-299 -85 -250 264
-76 167 365 477
-275 -94 -222 231
91 282 74 454
-420 13 186 365
-468 487 159 325
113 219 -427 -404
380 444 -351 -42
-193 177 -408 49
-350 377 -339 -24
274 333 -195 405
238 321 -366 190
-448 -161 -112 222
233 351 -244 288
9 345 175 181
-229 -53 -74 64
-40 19 -410 353
-400 44 -233 -47
-238 253 151 421
-337 -201 -79 53
-414 -362 -291 287
-276 441 -486 -25
-94 -75 -422 256
-417 -76 -468 76
-253 236 -307 271
-333 121 -416 -251
-470 -101 21 318
-222 225 -144 59
-250 179 -238 -125
-141 381 161 201
-392 255 -245 -131
-243 41 65 259
-157 -30 218 386
-327 487 207 461
-470 -351 -379 -273
32 270 -305 357
-500 -490 -417 383
-172 397 -353 170
-86 203 -396 429
-478 -19 -287 -30
-426 22 -422 261
-240 485 -27 168
-221 -149 189 210
70 243 -228 447
-326 288 31 180
-257 52 -69 301
230 415 -9 86
162 420 332 452
-409 -34 149 450
-13 76 -275 409
-327 92 -62 347
-218 178 -1 185
-124 289 -38 59
-463 -266 -112 107
39 96 233 401
-350 -109 -250 -100
-350 -11 -487 -372
-276 470 153 425
-315 462 91 180
-423 -11 35 465
409 424 340 379
-259 -127 -271 201
-433 -424 -278 -160
-394 445 58 58
-313 -77 -330 -258
42 444 -445 396
-394 352 46 241
-400 -191 -387 -367
34 111 -17 -17
385 449 244 441
165 469 -211 -150
-475 -279 -490 -125
-369 209 -356 404
-420 -242 -191 196
-279 161 456 480
-388 -206 138 383
-200 440 95 492
-274 286 -261 389
-425 -246 315 376
-217 -164 -244 438
-394 -80 77 267
-254 177 -199 -154
-37 316 -473 -108
-457 -144 -310 83
273 466 -435 204
65 153 -313 472
-378 426 -208 -91
-462 32 -459 -187
-247 -198 -109 -55
-368 377 -65 -59
-392 152 -423 429
-329 -107 129 386
-268 295 -221 61
-380 71 -135 -75
201 372 -179 53
-175 422 291 357
-272 -155 -423 -162
-358 284 -395 187
170 260 -284 169
-483 125 -157 452
-419 -330 -452 -402
-482 -11 -93 240
-449 193 -414 234
-477 -225 -161 204
-307 372 -462 -457
-466 -354 -97 303
32 117 185 480
-461 467 -192 289
163 491 -416 -121
-485 -282 -292 121
225 344 -262 293
217 368 -122 302
-115 -95 -158 154
211 474 -19 20
-67 216 -438 -114
-46 117 -221 39
-422 -12 210 411
-470 -432 -145 357
-351 177 -400 -289
-169 428 -116 128
-274 147 46 345
-365 471 -282 57
-212 -109 -111 474
-380 308 -421 63
-70 433 294 333
-56 351 -481 -64
422 447 -176 499
140 160 -418 -309
-209 55 -88 268
-321 117 -396 -9
-190 -54 72 256
-164 497 29 459
157 276 -28 371
-347 -98 45 273
66 467 -170 293
-99 9 -299 12
-181 -27 -407 449
-72 260 -62 114
-427 -216 -461 -404
-317 -16 -464 -102
-398 -323 73 178
-473 50 333 346
-213 223 -41 447
-414 -34 118 248
-307 321 15 240
-422 409 7 285
-423 -267 351 434
31 253 93 367
-497 -226 176 460
-351 498 -500 -85
-256 -159 -323 294
130 179 -146 156
-363 -170 106 158
420 496 -24 13
-210 -169 -341 -39
-372 -307 -288 -47
347 467 -323 334
-242 -213 -15 445
-490 232 -491 -441
-239 -219 -273 -106
-185 304 -498 267
218 455 249 474
-89 -67 7 9
-438 -7 -462 -67
-277 -215 -245 479
-50 202 119 442
-69 40 -168 419
-472 403 -449 -26
-381 450 -275 477
-473 -403 49 402
315 448 230 438
-418 -98 148 195
189 328 -396 174
122 132 189 487
302 401 -257 -88
102 191 -367 166
-290 489 39 497
-72 56 -282 -69
-383 224 -137 263
53 70 -203 161
431 434 -181 349
-485 -192 -194 74
3 43 -389 108
33 233 303 408
-452 53 243 463
-390 -363 98 267
170 268 -403 -397
236 416 -48 -42
228 326 -199 -142
-122 190 -227 9
68 334 -485 186
-237 499 -382 -282
-317 -77 -258 352
-430 -341 -464 -438
-474 244 224 411
-469 -429 -460 76
-419 -34 -38 108
-392 -95 267 494
334 393 -346 371
231 236 358 452
154 357 -215 53
167 469 -9 151
-167 -57 -419 -276
-100 62 -346 193
-389 199 -282 355
-152 239 -269 113
-250 81 -116 233
-306 294 -144 360
-212 418 -94 183
28 71 -460 351
76 490 -394 -85
-98 428 41 481
120 395 -107 312
-134 25 -424 266
-146 26 -86 -68
-130 245 -307 -175
-441 117 -369 292
-302 38 123 195
-283 348 -338 111
-144 28 405 497
438 465 -264 -98
221 281 -255 -226
-37 176 -432 423
49 204 -261 -1
-278 137 -487 218
336 469 -462 -219
-88 324 -358 328
-431 -349 -473 -74
-189 -141 -384 -126
106 238 -456 81
220 463 -6 212
195 432 -307 293
-356 -221 -289 91
-282 17 -5 492
-478 19 -377 -47
-227 217 226 470
-180 367 -310 396
17 144 22 105
145 164 -3 375
-169 322 283 345
-231 -215 -293 331
-476 76 17 257
264 452 -496 367
-125 404 139 431
-490 434 -34 153
-494 42 62 203
-466 161 -114 1
315 396 -152 65
-7 123 -87 33
-436 234 -497 298
-56 37 -356 -165
-136 455 -181 211
-78 166 -467 -147
88 301 361 495
-353 424 79 81
46 238 -339 -95
-491 148 -400 -167
28 276 -478 -436
-106 379 -111 -18
265 390 -424 138
-85 484 -408 -9
-496 2 -406 192
312 366 -357 -25
73 489 -283 291
-350 367 -210 174
-425 -171 -393 -8
224 298 222 224
-11 73 320 480
-123 320 -86 360
-250 -106 224 430
166 419 -490 -304
-56 175 -413 -285
-8 35 -354 -278
-39 471 210 310
-453 -123 104 245
-363 314 -268 133
-388 235 193 197
-201 -169 -482 430
59 394 -207 237
-264 -64 -219 412
-390 -342 -196 -93
-373 -179 259 408
-355 53 -313 420
-25 435 -440 39
7 120 -378 214
-42 278 -465 -195
7 413 -395 -45
-208 172 -396 -111
-20 157 349 363
172 315 -474 53
-122 373 213 474
-112 -26 -437 125
87 179 -207 436
-341 86 -229 82
-490 420 -300 -270
-377 125 -124 376
-253 389 -57 231
64 267 -492 -412
-426 456 -239 308
3 221 -326 -98
-408 397 -19 -19
-478 -369 -318 431
-402 -360 -243 63
22 312 -489 -13
-341 -259 -302 497
-212 230 -491 -79
-404 -266 -185 426
-152 130 -102 135
-394 337 -411 239
-237 -143 -492 -162
-49 189 -354 151
-483 376 -339 17
388 448 -83 214
-180 2 -364 -5
-356 -284 -484 -200
-499 80 -123 305
356 370 431 500
202 347 -454 281
-290 -5 -327 -207
-289 259 -459 235
-364 437 142 366
-163 6 206 422
-313 135 -470 -59
-311 205 -175 -10
-232 -161 -275 -192
-429 256 -87 94
5 320 -420 318
-373 -273 -477 -44
-477 -214 -252 -117
169 468 14 49
-92 23 -284 348
-290 430 -363 -315
-315 500 -107 348
-439 -5 -495 -481
-137 237 -382 184
-74 394 -10 211
-293 22 -178 -164
-499 -258 -174 93
-362 214 -100 155
99 211 394 425
-87 181 -102 405
93 251 240 386
-419 468 -442 448
-226 349 -430 -341
-396 -72 -415 -220
320 352 -384 -209
-464 320 -263 252
363 387 -175 -162
-367 149 -120 321
-374 -365 -478 -307
-106 -78 -489 175
-484 -369 -169 103
-92 322 -491 -202
-378 496 235 324
-284 -270 278 286
-446 433 -247 127
-146 -71 -463 -185
-58 92 275 464
-17 474 85 313
-167 439 -292 112
319 411 -159 73
-395 -195 -497 50
-432 81 -395 -276
-90 69 27 141
364 426 76 230
-186 -9 -477 171
-36 493 -138 1
73 494 -374 327
-31 259 -26 383
-285 -223 -256 -229
-350 -270 -408 -326
-443 464 -88 241
-209 484 -44 -14
256 305 120 127
-405 -386 -255 -224
-449 472 -220 345
246 444 -272 -161
-116 76 -350 12
-42 151 -493 -87
-470 354 -369 211
80 442 -386 -27
-442 18 -460 -197
-121 455 73 448
-340 221 -331 423
-334 -252 -226 40
-241 -20 -198 -191
-225 113 -363 8
35 429 211 314
159 208 -442 -11
-88 401 62 443
-457 445 330 400
-385 246 -485 300
-467 448 -324 370
-470 -328 -266 306
-403 450 -403 -40
-113 187 -453 -30
-449 -110 -22 398
-334 -163 -190 330
-201 141 -249 -28
-230 59 -440 -370
-399 429 -459 87
-87 100 301 439
-279 391 -383 -22
56 88 -400 -100
-325 -117 -182 371
-220 472 -320 250
331 408 -23 235
-205 104 -370 331
-109 233 -472 -60
-429 29 -159 -143
-462 -422 317 450
138 406 237 297
-326 -291 117 455
-157 298 -291 487
248 439 152 194
-218 203 -33 382
100 107 -2 151
190 289 229 457
12 38 265 441
-120 -117 -465 -156
-284 256 -342 87
60 467 -397 -125
-392 -295 -448 -413
94 141 -41 198
-266 286 -242 -70
11 55 -469 458
33 122 180 252
381 445 238 405
79 274 -196 302
-436 251 212 361
-238 209 -327 356
-368 -328 -92 20
-235 -78 -72 54
-289 -207 -246 452
-235 -218 332 345
-417 275 78 140
-282 -186 -54 128
-122 -5 -42 369
227 283 -157 171
56 167 137 193
-197 245 219 356
312 425 -390 181
-141 456 -425 42
-404 384 -203 146
-299 219 388 439
-145 485 -377 88
109 455 -138 117
-31 247 -480 -401
-464 -52 -397 137
-371 494 -330 -60
-446 294 -198 -184
-224 -108 -499 -98
26 421 -119 345
-314 -10 129 381
-180 406 -315 -223
110 191 -34 309
-22 311 -301 -283
304 474 -223 -20
-230 169 178 272
-258 461 -343 -176
97 295 -232 -50
-352 97 -356 -334
-407 47 -463 305
77 159 -115 136
-468 -317 150 222
-446 61 -396 313
-246 471 -213 71
-343 46 -225 58
-296 194 26 395
214 223 -161 150
-374 189 -370 335
228 356 -357 -108
-288 259 -13 386
-493 429 -267 217
-485 -280 -163 -13
209 226 -489 353
-68 -22 -427 80
3 336 -291 -24
-320 -22 -410 56
103 129 -268 155
-295 362 221 381
-156 432 -252 -156
-459 -110 -288 423
-470 -435 -437 310
-172 15 -379 -118
71 249 -395 200
-56 469 -477 338
20 413 -346 430
210 343 386 393
-53 311 -454 478
-125 135 180 395
-54 85 -450 1
-401 12 217 223
-200 -161 73 196
281 407 175 443
-299 483 -247 4
376 382 -308 -53
-242 475 -134 -16
-133 235 35 88
-375 68 -170 104
22 327 -186 82
-379 -242 -87 341
-319 427 218 345
-290 48 -220 267
130 210 -394 159
284 352 -495 360
-291 156 -88 477
-131 376 -361 1
-325 289 85 416
-191 251 -220 -125
-313 -114 -365 474
-163 363 332 448
271 439 -327 -50
-331 -166 329 385
291 314 127 407
-332 117 -139 174
-175 122 -472 -71
-218 10 -70 410
197 401 -44 289
-125 325 -376 393
-164 320 40 216
-196 198 0 381
-390 12 -386 -82
-379 338 -437 -191
-340 490 100 368
19 447 -450 -60
-379 228 -438 -384
-286 -103 -471 -313
8 172 -24 115
369 466 -107 23
-179 140 -380 493
-252 -74 -448 -325
148 180 -334 -233
-389 169 -234 471
33 246 -475 -163
-402 -244 26 278
65 306 133 210
-146 480 -449 427
-382 -237 -141 353
257 429 -245 89
-137 387 155 238
261 347 245 336
-287 150 -344 347
-56 339 -38 51
-224 -30 -278 339
-185 397 -381 -26
135 429 -168 -14
-380 -68 97 449
-282 -116 -438 -101
31 429 -60 285
12 339 -132 317
-61 98 -68 466
293 491 -246 19
-302 -95 -443 -414
-382 -299 -418 -356
-121 79 126 316
422 449 -167 192
-492 354 -289 236
-286 365 93 432
-246 -122 267 285
-192 383 -226 165
-122 277 265 372
-412 266 -287 481
-75 379 -362 172
-151 374 -406 -72
-400 19 54 261
-449 -394 -497 281
-359 238 260 355
-360 386 -410 -69
54 206 -383 132
-122 252 220 286
46 178 -399 19
-313 -144 -22 447
-427 292 -160 415
-153 66 107 277
-472 27 -272 -187
-59 363 -418 177
-367 -319 -460 -166
2 420 120 354
-495 -371 -23 145
-110 -104 -237 -37
228 255 -401 -65
-476 -8 -343 -329
249 280 80 241
-459 -442 -195 336
273 358 278 283
70 378 -48 464
270 274 306 353
-183 4 -38 430
-209 324 -269 411
32 152 -450 492
-197 97 -243 492
-246 -61 470 485
-294 214 -192 370
-268 496 -217 323
