1 194200.0 91000.0
2 253900.0 155200.0
3 494400.0 358700.0
4 659600.0 449800.0
5 745800.0 530800.0
6 958600.0 718300.0
7 1007600.0 766200.0
8 1075100.0 825800.0
9 1164300.0 901800.0
10 1252300.0 981800.0
11 1283400.0 1029700.0
12 1373200.0 1118100.0
13 1435300.0 1167600.0
14 1527300.0 1240100.0
15 1562100.0 1298800.0
16 1649600.0 1387100.0
17 1754100.0 1489400.0
18 1887400.0 1588000.0
19 1942800.0 1667700.0
20 1988800.0 1727200.0
21 2109800.0 1829800.0
22 2207500.0 1925200.0
23 2274900.0 1983800.0
24 2329300.0 2043600.0
25 2378300.0 2135600.0
26 2397000.0 2186500.0
27 2410000.0 2235300.0
28 2455400.0 2324500.0
29 2498700.0 2383400.0
30 2537300.0 2453800.0
31 2563700.0 2518400.0
32 2597100.0 2582900.0
33 2650200.0 2668400.0
34 2661300.0 2705500.0
35 2698300.0 2765000.0
36 2718700.0 2811500.0
37 2778400.0 2852600.0
38 2803800.0 2884700.0
39 2826000.0 2917400.0
40 2859000.0 2953600.0
41 2889700.0 3006100.0
42 2909500.0 3037300.0
43 2916700.0 3068200.0
44 2951100.0 3087800.0
45 2966400.0 3102200.0
46 2997000.0 3121700.0
47 3020200.0 3138500.0
48 3048700.0 3155300.0
49 3065400.0 3171100.0
50 3080100.0 3184300.0
51 3088700.0 3200000.0
52 3114600.0 3218400.0
53 3140600.0 3235800.0
54 3185100.0 3258100.0
55 3197600.0 3270400.0
56 3228300.0 3291000.0
57 3252000.0 3306900.0
58 3288000.0 3330200.0
59 3303900.0 3343200.0
60 3324700.0 3358700.0
61 3344800.0 3372700.0
62 3368800.0 3387800.0
63 3399300.0 3408100.0
64 3434000.0 3429500.0
65 3467000.0 3448400.0
66 3482000.0 3463200.0
67 3517400.0 3483900.0
68 3531600.0 3498800.0
69 3538900.0 3517400.0
70 3552900.0 3522200.0
71 3561300.0 3527200.0
72 3594500.0 3538200.0
73 3635900.0 3550600.0
74 3665400.0 3559800.0
75 3718800.0 3574100.0
76 3733800.0 3577500.0
77 3754400.0 3583500.0
78 3768300.0 3589900.0
79 3803700.0 3608000.0
80 3817800.0 3615000.0
81 3832300.0 3621400.0
82 3853900.0 3632100.0
83 3880700.0 3642000.0
84 3897800.0 3655200.0
85 3918100.0 3662600.0
86 3933900.0 3670800.0
87 3940500.0 3674900.0
88 3964500.0 3686800.0
89 3978500.0 3696200.0
90 3987500.0 3701300.0
91 4005200.0 3710800.0
92 4022200.0 3718700.0
93 4043500.0 3727500.0
94 4065400.0 3740400.0
95 4079700.0 3815400.0
96 4129500.0 3849200.0
97 4144300.0 3859900.0
98 4176200.0 3873900.0
99 4208900.0 3889800.0
100 4310000.0 3927300.0
101 4331300.0 3941600.0
102 4342600.0 3951600.0
103 4374400.0 3972200.0
104 4421100.0 4000200.0
105 4449400.0 4019700.0
106 4454300.0 4026700.0
107 4468400.0 4036700.0
108 4584000.0 4069800.0
109 4656700.0 4098200.0
110 4722900.0 4135000.0
111 4814400.0 4175300.0
112 4847400.0 4197200.0
113 4886700.0 4216200.0
114 4905800.0 4230900.0
115 4950900.0 4256000.0
116 4970700.0 4268300.0
117 4990100.0 4278300.0
118 5007200.0 4285300.0
119 5027600.0 4299200.0
120 5059300.0 4306400.0
121 5073700.0 4312500.0
122 5100900.0 4324300.0
123 5112900.0 4330600.0
124 5140100.0 4343900.0
125 5172900.0 4353600.0
126 5180500.0 4360000.0
127 5188300.0 4366400.0
128 5199500.0 4370600.0
129 5205300.0 4374700.0
130 5220600.0 4380400.0
131 5247900.0 4392100.0
132 5258300.0 4397700.0
133 5282700.0 4408300.0
134 5291000.0 4412500.0
135 5300900.0 4418800.0
136 5315500.0 4424700.0
137 5346000.0 4435100.0
138 5352100.0 4437900.0
139 5369900.0 4447200.0
140 5389700.0 4456400.0
141 5402400.0 4461200.0
142 5411200.0 4466600.0
143 5430000.0 4476700.0
144 5444900.0 4482900.0
145 5461100.0 4489400.0
146 5484600.0 4501000.0
147 5495600.0 4507000.0
148 5505900.0 4512600.0
149 5510300.0 4516800.0
150 5526300.0 4522400.0
151 5543900.0 4531600.0
152 5555100.0 4535500.0
153 5559500.0 4538500.0
154 5568100.0 4543800.0
155 5577800.0 4551800.0
156 5585100.0 4556500.0
157 5598200.0 4562400.0
158 5617800.0 4575500.0
159 5626800.0 4592600.0
160 5637500.0 4597500.0
161 5639500.0 4600000.0
162 5643900.0 4604100.0
163 5667900.0 4611600.0
164 5672500.0 4614400.0
165 5683500.0 4618800.0
166 5694800.0 4623300.0
167 5704400.0 4627800.0
168 5716100.0 4635500.0
169 5731800.0 4643200.0
170 5746300.0 4647700.0
171 5762100.0 4655000.0
172 5786300.0 4664300.0
173 5794000.0 4668000.0
174 5801800.0 4673600.0
175 5818700.0 4683200.0
176 5846500.0 4691700.0
177 5858000.0 4699100.0
178 5875700.0 4706400.0
179 5896300.0 4716000.0
180 5901000.0 4718700.0
181 5923600.0 4728200.0
182 5954700.0 4739700.0
183 5977900.0 4752200.0
184 5983600.0 4754800.0
185 5999900.0 4763700.0
186 6017100.0 4771100.0
187 6021800.0 4775700.0
188 6028100.0 4779200.0
189 6036900.0 4783300.0
190 6046000.0 4787200.0
191 6065700.0 4793900.0
192 6080600.0 4802200.0
193 6090900.0 4809200.0
194 6095000.0 4816100.0
195 6125800.0 4829400.0
196 6136500.0 4835300.0
197 6140800.0 4838000.0
198 6145200.0 4841100.0
199 6156300.0 4845600.0
200 6168600.0 4852100.0
201 6178000.0 4857600.0
202 6187300.0 4861900.0
203 6207300.0 4872000.0
204 6223500.0 4879600.0
205 6229000.0 4882400.0
206 6245500.0 4889100.0
207 6283700.0 4901600.0
208 6302400.0 4910800.0
209 6314100.0 4915600.0
210 6325000.0 4919300.0
211 6336300.0 4924200.0
212 6344100.0 4929500.0
213 6358300.0 4935000.0
214 6378400.0 4942400.0
215 6395600.0 4947500.0
216 6416500.0 4958200.0
217 6427500.0 4963000.0
218 6459400.0 4973600.0
219 6468300.0 4977200.0
220 6488200.0 4984500.0
221 6492600.0 4987600.0
222 6499800.0 4991600.0
223 6515100.0 4997300.0
224 6531900.0 5005500.0
225 6550900.0 5013800.0
226 6555700.0 5017400.0
227 6559000.0 5020400.0
228 6582100.0 5030500.0
229 6616600.0 5040900.0
230 6627900.0 5046800.0
231 6636600.0 5051900.0
232 6656000.0 5059000.0
233 6658200.0 5062200.0
234 6662100.0 5065000.0
235 6674500.0 5070500.0
236 6683900.0 5074000.0
237 6702200.0 5081500.0
238 6717700.0 5090000.0
239 6728000.0 5095600.0
240 6737900.0 5101400.0
241 6741000.0 5104400.0
242 6752100.0 5112800.0
243 6767900.0 5123500.0
244 6776500.0 5130200.0
245 6782500.0 5133800.0
246 6801200.0 5151300.0
247 6814200.0 5158000.0
248 6832800.0 5166300.0
249 6845000.0 5171700.0
250 6860100.0 5178900.0
251 6864800.0 5181800.0
252 6875200.0 5185800.0
253 6887200.0 5193100.0
254 6892900.0 5197400.0
255 6897400.0 5200900.0
256 6915500.0 5208000.0
257 6929100.0 5217000.0
258 6942500.0 5226000.0
259 6956800.0 5233300.0
260 6969100.0 5242400.0
261 6989400.0 5256900.0
262 7025500.0 5270600.0
263 7043400.0 5280900.0
264 7055400.0 5285900.0
265 7069300.0 5292300.0
266 7077900.0 5299300.0
267 7090700.0 5309800.0
268 7100400.0 5314200.0
269 7127000.0 5324500.0
270 7136900.0 5329200.0
271 7147500.0 5334100.0
272 7159100.0 5341800.0
273 7200800.0 5353700.0
274 7224700.0 5370800.0
275 7257400.0 5396100.0
276 7300500.0 5426900.0
277 7337900.0 5445300.0
278 7354000.0 5458800.0
279 7381100.0 5477100.0
280 7397400.0 5486900.0
281 7406100.0 5495600.0
282 7447600.0 5515700.0
283 7473600.0 5531000.0
284 7523400.0 5548000.0
285 7555900.0 5561600.0
286 7584800.0 5576000.0
287 7591600.0 5584700.0
288 7611800.0 5598900.0
289 7640000.0 5614800.0
290 7665500.0 5628800.0
291 7677600.0 5635900.0
292 7687000.0 5641500.0
293 7707200.0 5653900.0
294 7720600.0 5665900.0
295 7731300.0 5673400.0
296 7741200.0 5677500.0
297 7746700.0 5681300.0
298 7765100.0 5690700.0
299 7777600.0 5695800.0
300 7789300.0 5703700.0
301 7801100.0 5709700.0
302 7811600.0 5716300.0
303 7827600.0 5725600.0
304 7837100.0 5730300.0
305 7849100.0 5738400.0
306 7856300.0 5742000.0
307 7870100.0 5749600.0
308 7879900.0 5755100.0
309 7892500.0 5762300.0
310 7901600.0 5766200.0
311 7915900.0 5774400.0
312 7932300.0 5782200.0
313 7939800.0 5786400.0
314 7948200.0 5790000.0
315 7965100.0 5802700.0
316 7986700.0 5812900.0
317 8000700.0 5821900.0
318 8021800.0 5832100.0
319 8032800.0 5838000.0
320 8035700.0 5840500.0
321 8039300.0 5843700.0
322 8045100.0 5848200.0
323 8059500.0 5855900.0
324 8064500.0 5858800.0
325 8084400.0 5868000.0
326 8108300.0 5877700.0
327 8114000.0 5881800.0
328 8122800.0 5887900.0
329 8134900.0 5897000.0
330 8149600.0 5902200.0
331 8173400.0 5912500.0
332 8187200.0 5919300.0
333 8201700.0 5927300.0
334 8204100.0 5942400.0
335 8221000.0 5952200.0
336 8239500.0 5961500.0
337 8250200.0 5967900.0
338 8256300.0 5971900.0
339 8263500.0 5976200.0
340 8285300.0 5984700.0
341 8301200.0 5989700.0
342 8310300.0 5993800.0
343 8320700.0 6002500.0
344 8323400.0 6005600.0
345 8338700.0 6015800.0
346 8355200.0 6025600.0
347 8364500.0 6032000.0
348 8375300.0 6038100.0
349 8379300.0 6040800.0
350 8386000.0 6046000.0
351 8403700.0 6054700.0
352 8418100.0 6064600.0
353 8433800.0 6072900.0
354 8443700.0 6077200.0
355 8454600.0 6083200.0
356 8460900.0 6088200.0
357 8470000.0 6094400.0
358 8473400.0 6097500.0
359 8486600.0 6104500.0
360 8513800.0 6114900.0
361 8524100.0 6120800.0
362 8531600.0 6124400.0
363 8545000.0 6134200.0
364 8554100.0 6139100.0
365 8558800.0 6142400.0
366 8562500.0 6145000.0
367 8566900.0 6148700.0
368 8578300.0 6154100.0
369 8597900.0 6164000.0
370 8605500.0 6168100.0
371 8615700.0 6173100.0
372 8624000.0 6177300.0
373 8628200.0 6180900.0
374 8637000.0 6185400.0
375 8649700.0 6192200.0
376 8660100.0 6199000.0
377 8677400.0 6207500.0
378 8698100.0 6218000.0
379 8714300.0 6227600.0
380 8722000.0 6232000.0
381 8729200.0 6237400.0
382 8734900.0 6242100.0
383 8746200.0 6249000.0
384 8748000.0 6251700.0
385 8768400.0 6269800.0
386 8781900.0 6278800.0
387 8811300.0 6289800.0
388 8826000.0 6297800.0
389 8829900.0 6300200.0
390 8848700.0 6307900.0
391 8855000.0 6312900.0
392 8873200.0 6320300.0
393 8881400.0 6325200.0
394 8897100.0 6336400.0
395 8900500.0 6339300.0
396 8906500.0 6341800.0
397 8920400.0 6351200.0
398 8936900.0 6360500.0
399 8947800.0 6366100.0
400 8960700.0 6373200.0
401 8961900.0 6376100.0
402 8971800.0 6383500.0
403 8989800.0 6396600.0
404 8997700.0 6400600.0
405 9004000.0 6405100.0
406 9014500.0 6412100.0
407 9021300.0 6416000.0
408 9031400.0 6421600.0
409 9042100.0 6427500.0
410 9052600.0 6432400.0
411 9069800.0 6449400.0
412 9073900.0 6452700.0
413 9080200.0 6455800.0
414 9092700.0 6462000.0
415 9110800.0 6471400.0
416 9122800.0 6475600.0
417 9134800.0 6480200.0
418 9146500.0 6485700.0
419 9155400.0 6490100.0
420 9160300.0 6493700.0
421 9165300.0 6497300.0
422 9177200.0 6504300.0
423 9187600.0 6510600.0
424 9200900.0 6517500.0
425 9206300.0 6521600.0
426 9214000.0 6527800.0
427 9230300.0 6536900.0
428 9236600.0 6541900.0
429 9247700.0 6548700.0
430 9266600.0 6558100.0
431 9276100.0 6564000.0
432 9286200.0 6570400.0
433 9296400.0 6576900.0
434 9307400.0 6582100.0
435 9315100.0 6587000.0
436 9329400.0 6594600.0
437 9337800.0 6599600.0
438 9344200.0 6603100.0
439 9360800.0 6611000.0
440 9365200.0 6614900.0
441 9382300.0 6623200.0
442 9391200.0 6627100.0
443 9408900.0 6637200.0
444 9426200.0 6645700.0
445 9437900.0 6651600.0
446 9455400.0 6660900.0
447 9468600.0 6670400.0
448 9471100.0 6673000.0
449 9486900.0 6679900.0
450 9500400.0 6685700.0
451 9510700.0 6691600.0
452 9514300.0 6695200.0
453 9522900.0 6699900.0
454 9533800.0 6705700.0
455 9547100.0 6713000.0
456 9560600.0 6720500.0
457 9567700.0 6725200.0
458 9575500.0 6730000.0
459 9583600.0 6733700.0
460 9588800.0 6736900.0
461 9597500.0 6741200.0
462 9606000.0 6745200.0
463 9622600.0 6753400.0
464 9636000.0 6761100.0
465 9648300.0 6768000.0
466 9659200.0 6770900.0
467 9670100.0 6777000.0
468 9673700.0 6779500.0
469 9680500.0 6785100.0
470 9686500.0 6788500.0
471 9709200.0 6798400.0
472 9724000.0 6806200.0
473 9727400.0 6809200.0
474 9730000.0 6811600.0
475 9734900.0 6814900.0
476 9742200.0 6821000.0
477 9752900.0 6825500.0
478 9774200.0 6836400.0
479 9783000.0 6841900.0
480 9787800.0 6845500.0
481 9796700.0 6850100.0
482 9811700.0 6859000.0
483 9832600.0 6868200.0
484 9837000.0 6871000.0
485 9848300.0 6878000.0
486 9856600.0 6882900.0
487 9862600.0 6888400.0
488 9875500.0 6895200.0
489 9887000.0 6901600.0
490 9899400.0 6908200.0
491 9914200.0 6913600.0
492 9930900.0 6922900.0
493 9942900.0 6928700.0
494 9945500.0 6930800.0
495 9951900.0 6936300.0
496 9975100.0 6948000.0
497 9984200.0 6952600.0
498 9998000.0 6959200.0
499 1.00062E7 6963800.0
500 1.00138E7 6968700.0
501 1.0026E7 6975200.0
502 1.00324E7 6979200.0
503 1.00523E7 6988700.0
504 1.00627E7 6992900.0
505 1.00831E7 7001000.0
506 1.00856E7 7003500.0
507 1.01016E7 7010000.0
508 1.01221E7 7018400.0
509 1.01336E7 7024400.0
510 1.0143E7 7028700.0
511 1.0152E7 7033800.0
512 1.01639E7 7042300.0
513 1.02377E7 7097500.0
514 1.02687E7 7118000.0
515 1.02993E7 7136300.0
516 1.03398E7 7151500.0
517 1.03576E7 7167000.0
518 1.03678E7 7180000.0
519 1.03774E7 7193500.0
520 1.0411E7 7211300.0
521 1.04278E7 7228300.0
522 1.04564E7 7246800.0
523 1.04735E7 7262200.0
524 1.05071E7 7283200.0
525 1.05427E7 7336400.0
526 1.05627E7 7357700.0
527 1.06027E7 7435300.0
528 1.06324E7 7471300.0
529 1.06752E7 7499900.0
530 1.06916E7 7517300.0
531 1.07254E7 7535600.0
532 1.07511E7 7545900.0
533 1.07569E7 7551000.0
534 1.07804E7 7566200.0
535 1.08825E7 7594700.0
536 1.09027E7 7611700.0
537 1.09794E7 7662800.0
538 1.10135E7 7681800.0
539 1.104E7 7703400.0
540 1.10889E7 7732800.0
541 1.11121E7 7748200.0
542 1.11777E7 7775100.0
543 1.12016E7 7791900.0
544 1.12164E7 7802900.0
545 1.12479E7 7818100.0
546 1.12629E7 7830000.0
547 1.128E7 7842600.0
548 1.13459E7 7876000.0
549 1.13709E7 7927700.0
550 1.14247E7 7963900.0
551 1.15054E7 7989300.0
552 1.15151E7 7995600.0
553 1.15338E7 8008800.0
554 1.15613E7 8020500.0
555 1.15915E7 8033800.0
556 1.16074E7 8043100.0
557 1.16134E7 8046600.0
558 1.16173E7 8049300.0
559 1.16209E7 8052000.0
560 1.16482E7 8056400.0
561 1.1653E7 8059900.0
562 1.16706E7 8066600.0
563 1.16769E7 8072200.0
564 1.16881E7 8081500.0
565 1.16925E7 8084500.0
566 1.17115E7 8094500.0
567 1.172E7 8099500.0
568 1.1721E7 8101400.0
569 1.17438E7 8110400.0
570 1.17573E7 8121000.0
571 1.17674E7 8129400.0
572 1.17816E7 8137400.0
573 1.18066E7 8151900.0
574 1.18391E7 8176700.0
575 1.18493E7 8183500.0
576 1.18582E7 8190000.0
577 1.18671E7 8195600.0
578 1.18832E7 8200400.0
579 1.18893E7 8203700.0
580 1.18948E7 8207700.0
581 1.19076E7 8212200.0
582 1.19227E7 8221500.0
583 1.19302E7 8226200.0
584 1.19472E7 8237600.0
585 1.19511E7 8241100.0
586 1.19568E7 8243700.0
587 1.19669E7 8248700.0
588 1.19755E7 8252400.0
589 1.19856E7 8257100.0
590 1.19988E7 8262700.0
591 1.20036E7 8267500.0
592 1.2009E7 8270300.0
593 1.20121E7 8274200.0
594 1.20174E7 8277600.0
595 1.20261E7 8283000.0
596 1.20411E7 8288500.0
597 1.20516E7 8297000.0
598 1.20725E7 8306300.0
599 1.20762E7 8309000.0
600 1.20926E7 8316000.0
601 1.21016E7 8320800.0
602 1.21104E7 8324900.0
603 1.21185E7 8330500.0
604 1.21298E7 8334900.0
605 1.21327E7 8337100.0
606 1.21423E7 8341800.0
607 1.21505E7 8347600.0
608 1.21539E7 8350800.0
609 1.21633E7 8356700.0
610 1.21847E7 8367500.0
611 1.21993E7 8374900.0
612 1.22104E7 8381200.0
613 1.22337E7 8391700.0
614 1.22482E7 8400400.0
615 1.22611E7 8406100.0
616 1.22728E7 8413200.0
617 1.22866E7 8421700.0
618 1.22981E7 8428800.0
619 1.23206E7 8436800.0
620 1.23243E7 8439500.0
621 1.23348E7 8445100.0
622 1.23571E7 8454500.0
623 1.23613E7 8458000.0
624 1.23809E7 8465500.0
625 1.23855E7 8469200.0
626 1.2391E7 8472300.0
627 1.23938E7 8475300.0
628 1.24095E7 8483100.0
629 1.24181E7 8487100.0
630 1.24343E7 8493000.0
631 1.24412E7 8497200.0
632 1.24591E7 8506300.0
633 1.24676E7 8511000.0
634 1.24738E7 8514600.0
635 1.24845E7 8519500.0
636 1.24924E7 8525400.0
637 1.25061E7 8531600.0
638 1.25149E7 8537600.0
639 1.2526E7 8544800.0
640 1.25405E7 8552400.0
641 1.25535E7 8559400.0
642 1.25757E7 8570400.0
643 1.25798E7 8573400.0
644 1.25839E7 8576700.0
645 1.2593E7 8581700.0
646 1.25995E7 8587300.0
647 1.26131E7 8593700.0
648 1.26283E7 8609000.0
649 1.26439E7 8616900.0
650 1.26616E7 8625900.0
651 1.26715E7 8630000.0
652 1.26836E7 8635100.0
653 1.26893E7 8638400.0
654 1.26934E7 8642400.0
655 1.27172E7 8667200.0
656 1.273E7 8671500.0
657 1.2747E7 8681900.0
658 1.27583E7 8686900.0
659 1.27636E7 8691000.0
660 1.27709E7 8695400.0
661 1.278E7 8699800.0
662 1.27926E7 8707300.0
663 1.27995E7 8716200.0
664 1.28118E7 8723400.0
665 1.28244E7 8729000.0
666 1.28397E7 8737700.0
667 1.28571E7 8745600.0
668 1.28638E7 8748600.0
669 1.2878E7 8757100.0
670 1.29009E7 8767100.0
671 1.29123E7 8772900.0
672 1.29136E7 8775400.0
673 1.29201E7 8779400.0
674 1.29391E7 8787600.0
675 1.29461E7 8792600.0
676 1.29537E7 8797200.0
677 1.29605E7 8801300.0
678 1.29692E7 8804300.0
679 1.29782E7 8810200.0
680 1.29851E7 8814400.0
681 1.30029E7 8823100.0
682 1.3009E7 8825900.0
683 1.3022E7 8833400.0
684 1.30357E7 8841100.0
685 1.30488E7 8849200.0
686 1.30519E7 8851900.0
687 1.30601E7 8856100.0
688 1.30798E7 8865800.0
689 1.30952E7 8873000.0
690 1.31056E7 8887200.0
691 1.31144E7 8893100.0
692 1.31273E7 8900200.0
693 1.3138E7 8906200.0
694 1.31439E7 8909500.0
695 1.31542E7 8913300.0
696 1.31661E7 8919100.0
697 1.31792E7 8926100.0
698 1.31923E7 8932300.0
699 1.32073E7 8940000.0
700 1.32266E7 8948900.0
701 1.32504E7 8961200.0
702 1.32723E7 8972900.0
703 1.32787E7 8978100.0
704 1.33029E7 8991100.0
705 1.33127E7 8996200.0
706 1.33209E7 9001900.0
707 1.33349E7 9009100.0
708 1.33413E7 9013000.0
709 1.33546E7 9018300.0
710 1.33699E7 9026700.0
711 1.33876E7 9035500.0
712 1.34113E7 9051200.0
713 1.34273E7 9057400.0
714 1.34517E7 9068700.0
715 1.34584E7 9072700.0
716 1.34705E7 9078500.0
717 1.35038E7 9092000.0
718 1.35117E7 9099800.0
719 1.35237E7 9105300.0
720 1.35332E7 9109500.0
721 1.35567E7 9115800.0
722 1.35584E7 9132400.0
723 1.3599E7 9158000.0
724 1.36195E7 9170000.0
725 1.36694E7 9189800.0
726 1.37182E7 9211100.0
727 1.37368E7 9222100.0
728 1.37741E7 9235400.0
729 1.38092E7 9249800.0
730 1.3818E7 9256200.0
731 1.38516E7 9272200.0
732 1.38954E7 9314100.0
733 1.39138E7 9328700.0
734 1.39253E7 9336600.0
735 1.39344E7 9344400.0
736 1.39553E7 9356200.0
737 1.39691E7 9367800.0
738 1.40005E7 9387000.0
739 1.40071E7 9392600.0
740 1.40375E7 9404300.0
741 1.40524E7 9416400.0
742 1.40594E7 9421300.0
743 1.40706E7 9426700.0
744 1.40905E7 9436800.0
745 1.40971E7 9441200.0
746 1.41133E7 9452600.0
747 1.41238E7 9458800.0
748 1.41596E7 9477400.0
749 1.41753E7 9484400.0
750 1.4188E7 9490900.0
751 1.41962E7 9494500.0
752 1.42263E7 9509200.0
753 1.42281E7 9512700.0
754 1.4248E7 9523200.0
755 1.42529E7 9527200.0
756 1.42628E7 9534700.0
757 1.4272E7 9540400.0
758 1.4289E7 9548800.0
759 1.43061E7 9559200.0
760 1.43095E7 9562700.0
761 1.43391E7 9575200.0
762 1.4345E7 9579800.0
763 1.43558E7 9585700.0
764 1.43709E7 9597500.0
765 1.4394E7 9610500.0
766 1.44016E7 9615000.0
767 1.44186E7 9623800.0
768 1.44333E7 9632300.0
769 1.44403E7 9637700.0
770 1.44478E7 9641500.0
771 1.44681E7 9650200.0
772 1.44823E7 9661500.0
773 1.45155E7 9678200.0
774 1.45541E7 9692800.0
775 1.45599E7 9697500.0
776 1.45681E7 9705700.0
777 1.46156E7 9722300.0
778 1.46289E7 9730200.0
779 1.46306E7 9732700.0
780 1.46335E7 9735100.0
781 1.46708E7 9755900.0
782 1.46899E7 9763900.0
783 1.47018E7 9771700.0
784 1.47146E7 9777700.0
785 1.47493E7 9790000.0
786 1.47637E7 9799500.0
787 1.47886E7 9807300.0
788 1.48087E7 9821000.0
789 1.48422E7 9837200.0
790 1.48539E7 9842800.0
791 1.48585E7 9846100.0
792 1.48721E7 9853700.0
793 1.48838E7 9861800.0
794 1.48983E7 9866500.0
795 1.49169E7 9878000.0
796 1.49391E7 9888500.0
797 1.49676E7 9903200.0
798 1.50016E7 9920400.0
799 1.50183E7 9929100.0
800 1.50438E7 9942500.0
801 1.5057E7 9949500.0
802 1.50754E7 9960700.0
803 1.5095E7 9971200.0
804 1.51078E7 9978500.0
805 1.5117E7 9982600.0
806 1.51459E7 9994300.0
807 1.51566E7 1.00005E7
808 1.51794E7 1.00114E7
809 1.51893E7 1.00154E7
810 1.52112E7 1.00266E7
811 1.52368E7 1.00423E7
812 1.52461E7 1.00471E7
813 1.52685E7 1.00593E7
814 1.52835E7 1.00682E7
815 1.52978E7 1.00739E7
816 1.53046E7 1.0077E7
817 1.53101E7 1.00827E7
818 1.53199E7 1.00885E7
819 1.5346E7 1.0101E7
820 1.53529E7 1.01065E7
821 1.53732E7 1.01166E7
822 1.53778E7 1.01197E7
823 1.53875E7 1.01245E7
824 1.53923E7 1.0129E7
825 1.53982E7 1.01327E7
826 1.54189E7 1.01413E7
827 1.54342E7 1.01504E7
828 1.54382E7 1.01541E7
829 1.5444E7 1.01585E7
830 1.54609E7 1.01672E7
831 1.54741E7 1.0175E7
832 1.54783E7 1.0178E7
833 1.54839E7 1.01825E7
834 1.55009E7 1.01905E7
835 1.55202E7 1.01984E7
836 1.55477E7 1.02113E7
837 1.55535E7 1.02153E7
838 1.55585E7 1.02199E7
839 1.55742E7 1.0231E7
840 1.55757E7 1.02341E7
841 1.5592E7 1.02415E7
842 1.55968E7 1.02463E7
843 1.56086E7 1.02533E7
844 1.56174E7 1.02598E7
845 1.56223E7 1.02637E7
846 1.56404E7 1.02714E7
847 1.56564E7 1.02776E7
848 1.568E7 1.02902E7
849 1.57061E7 1.0303E7
850 1.57184E7 1.03091E7
851 1.57396E7 1.03204E7
852 1.57525E7 1.03285E7
853 1.57581E7 1.03339E7
854 1.57798E7 1.03437E7
855 1.58021E7 1.03567E7
856 1.58114E7 1.03647E7
857 1.58209E7 1.03708E7
858 1.58388E7 1.03829E7
859 1.58536E7 1.03904E7
860 1.58689E7 1.04002E7
861 1.58767E7 1.04051E7
862 1.58819E7 1.04107E7
863 1.58911E7 1.04169E7
864 1.59001E7 1.0422E7
865 1.59214E7 1.04325E7
866 1.59298E7 1.04392E7
867 1.59399E7 1.04452E7
868 1.59672E7 1.04569E7
869 1.59732E7 1.04609E7
870 1.59814E7 1.04645E7
871 1.6009E7 1.04772E7
872 1.60309E7 1.04897E7
873 1.60462E7 1.04999E7
874 1.60677E7 1.05093E7
875 1.60734E7 1.0513E7
876 1.60997E7 1.05252E7
877 1.61102E7 1.05303E7
878 1.61342E7 1.05411E7
879 1.61644E7 1.0556E7
880 1.6175E7 1.05601E7
881 1.61866E7 1.05651E7
882 1.61994E7 1.05713E7
883 1.62121E7 1.05786E7
884 1.62304E7 1.05879E7
885 1.6237E7 1.05916E7
886 1.6256E7 1.06005E7
887 1.62708E7 1.06126E7
888 1.62955E7 1.06266E7
889 1.63074E7 1.06349E7
890 1.63191E7 1.0641E7
891 1.63364E7 1.06489E7
892 1.63642E7 1.0664E7
893 1.63986E7 1.06818E7
894 1.64027E7 1.0686E7
895 1.64321E7 1.06989E7
896 1.64449E7 1.07053E7
897 1.64588E7 1.07132E7
898 1.64663E7 1.07172E7
899 1.64719E7 1.07219E7
900 1.64828E7 1.07414E7
901 1.65092E7 1.07566E7
902 1.6516E7 1.07602E7
903 1.65342E7 1.0772E7
904 1.65424E7 1.07782E7
905 1.65652E7 1.07899E7
906 1.65892E7 1.08022E7
907 1.66059E7 1.08165E7
908 1.66355E7 1.08332E7
909 1.66641E7 1.08495E7
910 1.66913E7 1.08622E7
911 1.67164E7 1.0873E7
912 1.67438E7 1.08875E7
913 1.67929E7 1.09248E7
914 1.68582E7 1.09504E7
915 1.69059E7 1.09802E7
916 1.69526E7 1.10067E7
917 1.6984E7 1.10219E7
918 1.7083E7 1.10693E7
919 1.71049E7 1.10827E7
920 1.7116E7 1.17099E7
921 1.71693E7 1.17326E7
922 1.72085E7 1.1752E7
923 1.72411E7 1.17775E7
924 1.72657E7 1.17943E7
925 1.7338E7 1.18245E7
926 1.73608E7 1.18401E7
927 1.74008E7 1.18556E7
928 1.74393E7 1.18705E7
929 1.74864E7 1.18939E7
930 1.7537E7 1.19206E7
931 1.75707E7 1.1937E7
932 1.75953E7 1.19647E7
933 1.7611E7 1.205E7
934 1.7633E7 1.20617E7
935 1.76466E7 1.20748E7
936 1.76934E7 1.2096E7
937 1.77041E7 1.21043E7
938 1.77106E7 1.21106E7
939 1.77628E7 1.21339E7
940 1.78556E7 1.21518E7
941 1.78725E7 1.21692E7
942 1.79262E7 1.21912E7
943 1.79957E7 1.22262E7
944 1.80321E7 1.22481E7
945 1.80566E7 1.2263E7
946 1.80885E7 1.22778E7
947 1.80966E7 1.22858E7
948 1.81406E7 1.23101E7
949 1.81591E7 1.23239E7
950 1.81943E7 1.2345E7
951 1.82318E7 1.23638E7
952 1.82572E7 1.23762E7
953 1.82874E7 1.23915E7
954 1.83126E7 1.2401E7
955 1.83491E7 1.24179E7
956 1.83781E7 1.24344E7
957 1.84152E7 1.2449E7
958 1.84345E7 1.24601E7
959 1.84449E7 1.24676E7
960 1.84604E7 1.24741E7
961 1.84787E7 1.24871E7
962 1.84974E7 1.24939E7
963 1.8551E7 1.25165E7
964 1.85877E7 1.25339E7
965 1.85961E7 1.25411E7
966 1.86401E7 1.25599E7
967 1.8673E7 1.25725E7
968 1.87293E7 1.25944E7
969 1.87762E7 1.26136E7
970 1.88158E7 1.263E7
971 1.88429E7 1.26441E7
972 1.88773E7 1.26578E7
973 1.89089E7 1.26717E7
974 1.89471E7 1.26935E7
975 1.8977E7 1.27058E7
976 1.89923E7 1.27142E7
977 1.90121E7 1.27222E7
978 1.90415E7 1.27389E7
979 1.90911E7 1.27596E7
980 1.91032E7 1.27693E7
981 1.91202E7 1.27802E7
982 1.91604E7 1.27955E7
983 1.91687E7 1.28028E7
984 1.92081E7 1.28177E7
985 1.92204E7 1.28262E7
986 1.92288E7 1.2833E7
987 1.92406E7 1.2842E7
988 1.92596E7 1.28511E7
989 1.92681E7 1.28576E7
990 1.92818E7 1.28707E7
991 1.92879E7 1.28775E7
992 1.93182E7 1.28954E7
993 1.93272E7 1.29022E7
994 1.93608E7 1.2918E7
995 1.9419E7 1.29404E7
996 1.94594E7 1.29538E7
997 1.94971E7 1.29712E7
998 1.95008E7 1.29766E7
999 1.95525E7 1.2999E7
1000 1.95996E7 1.30253E7
